*************************************************************
*      Welcome to PSUADE (version 1.4)
*************************************************************
PSUADE - A Problem Solving environment for 
         Uncertainty Analysis and Design Exploration (v1.4)
(for help, enter <help>)
=============================================================
psuade> load complete : nSamples = 500
                nInputs  = 3
                nOutputs = 1
psuade> 
*************************************************************
*             Standard error of mean calculation
=============================================================
* nSamples =        500
* nGroups  =          1
* nInputs  =          3
* nOutputs =          1
-------------------------------------------------------------
* outputID =          1
*       Sample mean          =   1.8059e+01
*       Sample std dev       =   8.5980e+00
*       Sample skewness      =  -2.5010e-01
*       Sample kurtosis      =   2.5736e+00
-------------------------------------------------------------
*************************************************************
*************************************************************
*       std error of mean       =   3.84513684e-01
*************************************************************
psuade> *************************************************************
*                   Correlation Analysis
=============================================================
*  Basic Statistics
-------------------------------------------------------------
* Output of interest = 1
-------------------------------------------------------------
CorrelationAnalyzer: mean     = 1.805948e+01
CorrelationAnalyzer: variance = 7.392539e+01
=============================================================
*  Pearson correlation coefficients (PEAR) - linear -
*  which gives a measure of relationship between X_i's & Y.
-------------------------------------------------------------
* Pearson Correlation coeff.  (Input   1) = 6.574545e-01
* Pearson Correlation coeff.  (Input   2) = -1.233381e-01
* Pearson Correlation coeff.  (Input   3) = 7.242072e-01
=============================================================
=============================================================
*  Spearman coefficients (SPEA) - nonlinear relationship -  *
*  which gives a measure of relationship between X_i's & Y. *
-------------------------------------------------------------
* Spearman coefficient         (Input   1 ) = 6.525102e-01
* Spearman coefficient         (Input   2 ) = -1.174355e-01
* Spearman coefficient         (Input   3 ) = 7.155408e-01
-------------------------------------------------------------
* Spearman coefficient(ordered) (Input   3 ) = 7.155408e-01
* Spearman coefficient(ordered) (Input   1 ) = 6.525102e-01
* Spearman coefficient(ordered) (Input   2 ) = 1.174355e-01
=============================================================
* Kendall coefficient         (Input   1 ) =   4.67e-01 
* Kendall coefficient         (Input   2 ) =  -7.83e-02 
* Kendall coefficient         (Input   3 ) =   5.15e-01 
-------------------------------------------------------------
* Kendall coefficient(ordered) (Input   3 ) = 5.146613e-01
* Kendall coefficient(ordered) (Input   1 ) = 4.671263e-01
* Kendall coefficient(ordered) (Input   2 ) = 7.831663e-02
=============================================================
*  Regression analysis on rank-ordered inputs/outptus       *
* ======== Note: entries with t-value < 1 suppressed ========
*              coefficient   std. error   t-value
* Constant  =  -2.7537e+02   2.5240e+01  -1.0910e+01
* Input   1 =   1.8918e+00   5.4101e-02   3.4968e+01
* Input   2 =  -1.9962e-01   5.2568e-02  -3.7973e+00
* Input   3 =   1.6131e+00   5.4047e-02   2.9847e+01
-------------------------------------------------------------
* Regression R-square =   8.4805e-01
* adjusted   R-square =   8.4805e-01
*************************************************************
psuade> RSMSobol1 INFO: all uniform distributions.
=============================================================
VCE(  1) (refinement=  3) = 3.333220e+01, (normalized) = 4.407122e-01
VCE(  2) (refinement=  3) = 8.367097e-01, (normalized) = 1.106282e-02
VCE(  3) (refinement=  3) = 4.147532e+01, (normalized) = 5.483790e-01
psuade> RSMSobol2 INFO: all uniform distributions.
*************************************************************
RSMSobol2: default M = 1000.
RSMSobol2: default K = 200.
To change these settings, turn on ana_expert mode and rerun.
=============================================================
RSMSobol2: sample mean    (based on N = 100000) =  1.807e+01
RSMSobol2: sample std dev (based on N = 100000) =  8.697e+00
*************************************************************
VCE(  1,  2) =   3.4506e+01, (normalized) =  4.562e-01
ECV(  1,  2) =   4.1652e+01, (normalized) =  5.507e-01
VCE(  1,  3) =   7.5615e+01, (normalized) =  9.998e-01
ECV(  1,  3) =   8.7146e-01, (normalized) =  1.152e-02
VCE(  2,  3) =   4.2845e+01, (normalized) =  5.665e-01
ECV(  2,  3) =   3.3323e+01, (normalized) =  4.406e-01
*************************************************************
psuade> *************************************************************
RSMSobolTSI (normalized) for input   1 =   4.4306e-01
RSMSobolTSI (normalized) for input   2 =   1.1577e-02
RSMSobolTSI (normalized) for input   3 =   5.5217e-01
=============================================================
*************************************************************
psuade> 