**********************************************************************
*      Welcome to PSUADE (version 1.7.1)
**********************************************************************
INFO: Creating a sample assuming all uncertain parameters
      are uniformly distributed.
PSUADE run: creating interface to user driver.
PSUADE run: output level = 3
PSUADE run: max parallel jobs = 1
PSUADE run: max job wait time = 1000000 seconds
PSUADE run: min job wait time = 1 seconds
PSUADE run: launch interval   = 1 seconds
PSUADE run: save frequency    = every 1000000 runs
NOTE: if evaluation should be fast but is slow, check save frequency.
Note: use psuade_pmachine to dynamically change max jobs.
Note: use psuade_stop to terminate gracefully.
======================================================================
PSUADE run: running sample, nSamples = 10 
Launch: job =      1
Launch: job =      2
.Launch: job =      3
Launch: job =      4
Launch: job =      5
Launch: job =      6
Launch: job =      7
Launch: job =      8
Launch: job =      9
Launch: job =     10

PSUADE run: jobs completed = 10(out of 10)
**********************************************************************
PSUADE : Search for local minima in sample space.
         number of samples = 10
	 optimization starting point 1 : 
		   0.00000000e+00
		   0.00000000e+00
		   0.00000000e+00
		   0.00000000e+00
		   0.00000000e+00
				 Y =   4.00000000e+00
**********************************************************************
**********************************************************************
PSUADE OPTIMIZATION 1 (1) : 
	 starting X(     1) =   0.00000000e+00
	 starting X(     2) =   0.00000000e+00
	 starting X(     3) =   0.00000000e+00
	 starting X(     4) =   0.00000000e+00
	 starting X(     5) =   0.00000000e+00
	 starting Y =   4.00000000e+00
Bobyla: setting optimization simulation driver.
**********************************************************************
Bobyqa optimizer: max fevals = 10000
Bobyqa optimizer: tolerance  = 1.000000e-06
Bobyqa optimizer: selected output = 1
======================================================================
Bobyqa initial X   1 = 0.000000e+00
Bobyqa initial X   2 = 0.000000e+00
Bobyqa initial X   3 = 0.000000e+00
Bobyqa initial X   4 = 0.000000e+00
Bobyqa initial X   5 = 0.000000e+00
Bobyqa optimizer: total number of evaluations = 346
Bobyla: setting back to original simulation driver.
	 Bobyqa number of function evaluations = 346
	 optimum  X(     1) =   9.99999974e-01
	 optimum  X(     2) =   9.99999968e-01
	 optimum  X(     3) =   9.99999944e-01
	 optimum  X(     4) =   9.99999899e-01
	 optimum  X(     5) =   9.99999802e-01
			 optimum Y =   7.19319437e-14
**********************************************************************
	 Bobyqa total number of function evaluations = 346
**********************************************************************
PSUADE Optimization Results.
PSUADE Optimization : local optima 1 (1) - 
		X     1 =   9.99999974e-01
		X     2 =   9.99999968e-01
		X     3 =   9.99999944e-01
		X     4 =   9.99999899e-01
		X     5 =   9.99999802e-01
			Ymin =   7.19319437e-14
##################################################
PSUADE OPTIMIZATION : CURRENT GLOBAL MINIMUM - 
		X     1 =   9.99999974e-01
		X     2 =   9.99999968e-01
		X     3 =   9.99999944e-01
		X     4 =   9.99999899e-01
		X     5 =   9.99999802e-01
			Ymin =   7.19319437e-14
##################################################
**********************************************************************
PSUADE Optimization : desired minimum found.
======================================================================


    New RHO = 2.0000D-01     Number of function values =    22
    Least value of F =  4.000000000000000D+00         The corresponding X is:
     0.000000D+00   0.000000D+00   0.000000D+00   0.000000D+00   0.000000D+00


    New RHO = 2.0000D-02     Number of function values =    38
    Least value of F =  4.000000000000000D+00         The corresponding X is:
     0.000000D+00   0.000000D+00   0.000000D+00   0.000000D+00   0.000000D+00


    New RHO = 2.0000D-03     Number of function values =   198
    Least value of F =  3.118219463732393D-01         The corresponding X is:
     9.298029D-01   8.669400D-01   7.472126D-01   5.455900D-01   2.967405D-01


    New RHO = 2.0000D-04     Number of function values =   308
    Least value of F =  8.038616298704618D-04         The corresponding X is:
     9.979774D-01   9.957960D-01   9.905812D-01   9.829641D-01   9.661064D-01


    New RHO = 2.0000D-05     Number of function values =   329
    Least value of F =  1.377960812741790D-06         The corresponding X is:
     1.000116D+00   1.000202D+00   1.000368D+00   1.000679D+00   1.001401D+00


    New RHO = 2.0000D-06     Number of function values =   341
    Least value of F =  6.054573248457813D-09         The corresponding X is:
     9.999987D-01   9.999985D-01   9.999981D-01   9.999990D-01   1.000005D+00

    At the return from BOBYQA     Number of function values =   346
    Least value of F =  7.193194372101521D-14         The corresponding X is:
     1.000000D+00   1.000000D+00   9.999999D-01   9.999999D-01   9.999998D-01
