*************************************************************
*      Welcome to PSUADE (version 1.4)
*************************************************************
PSUADE - A Problem Solving environment for 
         Uncertainty Analysis and Design Exploration (v1.4)
(for help, enter <help>)
=============================================================
psuade> load complete : nSamples = 210
                nInputs  = 20
                nOutputs = 1
psuade> *************************************************************
*********************** MOAT Analysis ***********************
-------------------------------------------------------------
-------------------------------------------------------------
Input   1 (unmod. mean & std) =   8.2957e+00   9.6420e+01 
Input   2 (unmod. mean & std) =   3.6346e+01   5.0155e+01 
Input   3 (unmod. mean & std) =   1.5449e+01   2.8789e+01 
Input   4 (unmod. mean & std) =  -2.2253e+01   9.1373e+01 
Input   5 (unmod. mean & std) =   1.6943e+01   8.0926e+01 
Input   6 (unmod. mean & std) =  -4.6152e+00   6.2233e+01 
Input   7 (unmod. mean & std) =   2.8759e+01   2.5004e+01 
Input   8 (unmod. mean & std) =   4.2812e+01   4.7455e+00 
Input   9 (unmod. mean & std) =   4.1344e+01   4.0436e+00 
Input  10 (unmod. mean & std) =   4.1253e+01   6.6707e+00 
Input  11 (unmod. mean & std) =   3.3007e+00   4.4799e+00 
Input  12 (unmod. mean & std) =   5.2086e+00   4.8695e+00 
Input  13 (unmod. mean & std) =   1.9601e+00   4.5709e+00 
Input  14 (unmod. mean & std) =   2.2927e+00   5.1344e+00 
Input  15 (unmod. mean & std) =   2.6214e+00   4.2626e+00 
Input  16 (unmod. mean & std) =   3.0580e+00   5.2248e+00 
Input  17 (unmod. mean & std) =   2.0216e+00   3.8553e+00 
Input  18 (unmod. mean & std) =   2.3579e+00   4.1185e+00 
Input  19 (unmod. mean & std) =   9.5003e-01   5.9673e+00 
Input  20 (unmod. mean & std) =   3.6505e+00   4.5155e+00 
*************************************************************
*********************** MOAT Analysis ***********************
-------------------------------------------------------------
Input   1 (mod. mean & std) =   8.6794e+01   9.6420e+01 
Input   2 (mod. mean & std) =   5.4088e+01   5.0155e+01 
Input   3 (mod. mean & std) =   2.1434e+01   2.8789e+01 
Input   4 (mod. mean & std) =   7.5253e+01   9.1373e+01 
Input   5 (mod. mean & std) =   5.5297e+01   8.0926e+01 
Input   6 (mod. mean & std) =   4.9981e+01   6.2233e+01 
Input   7 (mod. mean & std) =   2.8759e+01   2.5004e+01 
Input   8 (mod. mean & std) =   4.2812e+01   4.7455e+00 
Input   9 (mod. mean & std) =   4.1344e+01   4.0436e+00 
Input  10 (mod. mean & std) =   4.1253e+01   6.6707e+00 
Input  11 (mod. mean & std) =   4.7147e+00   4.4799e+00 
Input  12 (mod. mean & std) =   5.8061e+00   4.8695e+00 
Input  13 (mod. mean & std) =   4.1599e+00   4.5709e+00 
Input  14 (mod. mean & std) =   4.6172e+00   5.1344e+00 
Input  15 (mod. mean & std) =   4.0072e+00   4.2626e+00 
Input  16 (mod. mean & std) =   4.7503e+00   5.2248e+00 
Input  17 (mod. mean & std) =   3.6217e+00   3.8553e+00 
Input  18 (mod. mean & std) =   3.7945e+00   4.1185e+00 
Input  19 (mod. mean & std) =   4.9081e+00   5.9673e+00 
Input  20 (mod. mean & std) =   4.4992e+00   4.5155e+00 
*************************************************************
****************** MOAT Analysis (ordered) ******************
-------------------------------------------------------------
Input   1 (mu*, sigma, dof) =   8.6794e+01   9.6420e+01 9
Input   4 (mu*, sigma, dof) =   7.5253e+01   9.1373e+01 9
Input   5 (mu*, sigma, dof) =   5.5297e+01   8.0926e+01 9
Input   2 (mu*, sigma, dof) =   5.4088e+01   5.0155e+01 9
Input   6 (mu*, sigma, dof) =   4.9981e+01   6.2233e+01 9
Input   8 (mu*, sigma, dof) =   4.2812e+01   4.7455e+00 9
Input   9 (mu*, sigma, dof) =   4.1344e+01   4.0436e+00 9
Input  10 (mu*, sigma, dof) =   4.1253e+01   6.6707e+00 9
Input   7 (mu*, sigma, dof) =   2.8759e+01   2.5004e+01 9
Input   3 (mu*, sigma, dof) =   2.1434e+01   2.8789e+01 9
Input  12 (mu*, sigma, dof) =   5.8061e+00   4.8695e+00 9
Input  19 (mu*, sigma, dof) =   4.9081e+00   5.9673e+00 9
Input  16 (mu*, sigma, dof) =   4.7503e+00   5.2248e+00 9
Input  11 (mu*, sigma, dof) =   4.7147e+00   4.4799e+00 9
Input  14 (mu*, sigma, dof) =   4.6172e+00   5.1344e+00 9
Input  20 (mu*, sigma, dof) =   4.4992e+00   4.5155e+00 9
Input  13 (mu*, sigma, dof) =   4.1599e+00   4.5709e+00 9
Input  15 (mu*, sigma, dof) =   4.0072e+00   4.2626e+00 9
Input  18 (mu*, sigma, dof) =   3.7945e+00   4.1185e+00 9
Input  17 (mu*, sigma, dof) =   3.6217e+00   3.8553e+00 9
*************************************************************
psuade> *************************************************************
DeltaAnalyzer for variable selection
This test has the characteristics that the more important
a parameter is relative to the others, the smaller the 
subset is at the end of the test (sharp zoom into the most
important subset).
Note: If both nInputs and nSamples are large, this test
      may take a long time to run. So, be patient.)
=============================================================
Current best solution for output 1:
-------------------------------------------------------------
1 0 1 1 1 1 0 0 1 1 0 1 0 1 1 0 0 0 0 0  = 6.581078e+02
1 1 0 1 1 0 1 0 1 1 1 1 0 1 1 1 0 0 0 0  = 4.681309e+02 (1 of 100)
1 1 0 1 1 0 1 0 1 0 1 1 0 0 1 1 0 0 0 0  = 4.297541e+02 (2 of 100)
1 1 0 1 1 0 1 0 1 0 1 1 0 0 1 1 0 0 0 0  = 4.297541e+02 (3 of 100)
1 1 0 1 1 0 1 0 1 0 1 1 0 0 1 1 0 0 0 0  = 4.297541e+02 (4 of 100)
1 1 0 1 1 0 1 0 1 0 1 1 0 0 1 1 0 0 0 0  = 4.297541e+02 (5 of 100)
1 1 0 1 1 0 1 0 1 0 1 1 0 0 1 1 0 0 0 0  = 4.297541e+02 (6 of 100)
1 1 0 1 1 0 1 0 1 0 1 1 0 0 1 1 0 0 0 0  = 4.297541e+02 (7 of 100)
1 1 0 1 1 0 1 0 1 0 1 1 0 0 1 1 0 0 0 0  = 4.297541e+02 (8 of 100)
1 1 0 1 1 0 1 1 1 1 0 0 1 1 0 0 0 0 0 0  = 4.260860e+02 (9 of 100)
1 1 0 1 1 0 1 1 1 0 0 0 1 1 0 0 0 0 0 0  = 4.197231e+02 (10 of 100)
1 1 0 1 1 0 1 1 1 0 0 0 1 1 0 0 0 0 0 0  = 4.197231e+02 (11 of 100)
1 1 0 1 1 0 1 1 1 0 0 0 1 1 0 0 0 0 0 0  = 4.197231e+02 (12 of 100)
1 1 0 1 1 0 1 1 1 0 0 0 1 1 0 0 0 0 0 0  = 4.197231e+02 (13 of 100)
1 1 0 1 1 0 1 1 1 0 0 0 1 1 0 0 0 0 0 0  = 4.197231e+02 (14 of 100)
1 1 0 1 1 0 1 1 1 0 0 0 1 1 0 0 0 0 0 0  = 4.197231e+02 (15 of 100)
1 1 0 1 1 0 1 1 1 0 0 0 1 1 0 0 0 0 0 0  = 4.197231e+02 (16 of 100)
1 1 0 1 1 0 1 1 1 0 0 0 1 1 0 0 0 0 0 0  = 4.197231e+02 (17 of 100)
1 1 0 1 1 0 1 1 1 0 0 0 1 1 0 0 0 0 0 0  = 4.197231e+02 (18 of 100)
1 1 0 1 1 0 1 1 1 0 0 0 1 1 0 0 0 0 0 0  = 4.197231e+02 (19 of 100)
1 1 0 1 1 0 1 1 1 0 0 0 1 1 0 0 0 0 0 0  = 4.197231e+02 (20 of 100)
1 1 0 1 1 0 1 1 1 0 0 0 1 1 0 0 0 0 0 0  = 4.197231e+02 (21 of 100)
1 1 0 1 1 0 1 1 1 0 0 0 1 0 0 1 0 0 0 0  = 4.134507e+02 (22 of 100)
1 1 0 1 1 0 1 1 1 0 0 0 1 0 0 1 0 0 0 0  = 4.134507e+02 (23 of 100)
1 1 0 1 1 0 1 1 1 0 0 0 1 0 0 1 0 0 0 0  = 4.134507e+02 (24 of 100)
1 1 0 1 1 0 1 1 1 0 0 0 1 0 0 1 0 0 0 0  = 4.134507e+02 (25 of 100)
1 1 0 1 1 0 1 1 1 0 0 0 1 0 0 1 0 0 0 0  = 4.134507e+02 (26 of 100)
1 1 0 1 1 0 1 1 1 0 0 0 1 0 0 1 0 0 0 0  = 4.134507e+02 (27 of 100)
1 1 0 1 1 0 1 1 1 0 0 0 1 0 0 1 0 0 0 0  = 4.134507e+02 (28 of 100)
1 1 0 1 1 0 1 1 1 0 0 0 1 0 0 1 0 0 0 0  = 4.134507e+02 (29 of 100)
1 1 0 1 1 0 1 1 1 0 0 0 1 0 0 1 0 0 0 0  = 4.134507e+02 (30 of 100)
1 1 0 1 1 0 1 1 1 0 0 0 1 0 0 1 0 0 0 0  = 4.134507e+02 (31 of 100)
1 1 0 1 1 0 1 1 1 0 0 0 1 0 0 1 0 0 0 0  = 4.134507e+02 (32 of 100)
1 1 0 1 1 0 1 1 1 0 0 0 1 0 0 1 0 0 0 0  = 4.134507e+02 (33 of 100)
1 1 0 1 1 0 1 1 1 0 0 0 1 0 0 1 0 0 0 0  = 4.134507e+02 (34 of 100)
1 1 0 1 1 0 1 1 1 0 0 0 1 0 0 1 0 0 0 0  = 4.134507e+02 (35 of 100)
1 1 0 1 1 0 1 1 1 0 0 0 1 0 0 1 0 0 0 0  = 4.134507e+02 (36 of 100)
1 1 0 1 1 0 1 1 1 0 0 0 1 0 0 1 0 0 0 0  = 4.134507e+02 (37 of 100)
1 1 0 1 1 0 1 1 1 0 0 0 1 0 0 1 0 0 0 0  = 4.134507e+02 (38 of 100)
1 1 0 1 1 0 1 1 1 0 0 0 1 0 0 1 0 0 0 0  = 4.134507e+02 (39 of 100)
1 1 0 1 1 0 1 1 1 0 0 0 1 0 0 1 0 0 0 0  = 4.134507e+02 (40 of 100)
1 1 0 1 1 0 1 1 1 0 0 0 1 0 0 1 0 0 0 0  = 4.134507e+02 (41 of 100)
1 1 0 1 1 0 1 1 1 0 0 0 1 0 0 1 0 0 0 0  = 4.134507e+02 (42 of 100)
1 1 0 1 1 0 1 1 1 0 0 0 1 0 0 1 0 0 0 0  = 4.134507e+02 (43 of 100)
1 1 0 1 1 0 1 1 1 0 0 0 1 0 0 1 0 0 0 0  = 4.134507e+02 (44 of 100)
1 1 0 1 1 0 1 1 1 0 0 0 1 0 0 1 0 0 0 0  = 4.134507e+02 (45 of 100)
1 1 0 1 1 0 1 1 1 0 0 0 1 0 0 1 0 0 0 0  = 4.134507e+02 (46 of 100)
1 1 0 1 1 0 1 1 1 0 0 0 1 0 0 1 0 0 0 0  = 4.134507e+02 (47 of 100)
1 1 0 1 1 0 1 1 1 0 0 0 1 0 0 1 0 0 0 0  = 4.134507e+02 (48 of 100)
1 1 0 1 1 0 1 1 1 0 0 0 1 0 0 1 0 0 0 0  = 4.134507e+02 (49 of 100)
1 1 0 1 1 0 1 1 1 0 0 0 1 0 0 1 0 0 0 0  = 4.134507e+02 (50 of 100)
1 1 0 1 1 0 1 1 1 0 0 0 1 0 0 1 0 0 0 0  = 4.134507e+02 (51 of 100)
1 1 0 1 1 0 1 1 1 0 0 0 1 0 0 1 0 0 0 0  = 4.134507e+02 (52 of 100)
1 1 0 1 1 0 1 1 1 0 0 0 1 0 0 1 0 0 0 0  = 4.134507e+02 (53 of 100)
1 1 0 1 1 0 1 1 1 0 0 0 1 0 0 1 0 0 0 0  = 4.134507e+02 (54 of 100)
1 1 0 1 1 0 1 1 1 0 0 0 1 0 0 1 0 0 0 0  = 4.134507e+02 (55 of 100)
1 1 0 1 1 0 1 1 1 0 0 0 1 0 0 1 0 0 0 0  = 4.134507e+02 (56 of 100)
1 1 0 1 1 0 1 1 1 0 0 0 1 0 0 1 0 0 0 0  = 4.134507e+02 (57 of 100)
1 1 0 1 1 0 1 1 1 0 0 0 1 0 0 1 0 0 0 0  = 4.134507e+02 (58 of 100)
1 1 0 1 1 0 1 1 1 0 0 0 1 0 0 1 0 0 0 0  = 4.134507e+02 (59 of 100)
1 1 0 1 1 0 1 1 1 0 0 0 1 0 0 1 0 0 0 0  = 4.134507e+02 (60 of 100)
1 1 0 1 1 0 1 1 1 0 0 0 1 0 0 1 0 0 0 0  = 4.134507e+02 (61 of 100)
1 1 0 1 1 0 1 1 1 0 0 0 1 0 0 1 0 0 0 0  = 4.134507e+02 (62 of 100)
1 1 0 1 1 0 1 1 1 0 0 0 1 0 0 1 0 0 0 0  = 4.134507e+02 (63 of 100)
1 1 0 1 1 0 1 1 1 0 0 0 1 0 0 1 0 0 0 0  = 4.134507e+02 (64 of 100)
1 1 0 1 1 0 1 1 1 0 0 0 1 0 0 1 0 0 0 0  = 4.134507e+02 (65 of 100)
1 1 0 1 1 0 1 1 1 0 0 0 1 0 0 1 0 0 0 0  = 4.134507e+02 (66 of 100)
1 1 0 1 1 0 1 1 1 0 0 0 1 0 0 1 0 0 0 0  = 4.134507e+02 (67 of 100)
1 1 0 1 1 0 1 1 1 0 0 0 1 0 0 1 0 0 0 0  = 4.134507e+02 (68 of 100)
1 1 0 1 1 0 1 1 1 0 0 0 1 0 0 1 0 0 0 0  = 4.134507e+02 (69 of 100)
1 1 0 1 1 0 1 1 1 0 0 0 1 0 0 1 0 0 0 0  = 4.134507e+02 (70 of 100)
1 1 0 1 1 0 1 1 1 0 0 0 1 0 0 1 0 0 0 0  = 4.134507e+02 (71 of 100)
1 1 0 1 1 0 1 1 1 0 0 0 1 0 0 1 0 0 0 0  = 4.134507e+02 (72 of 100)
1 1 0 1 1 0 1 1 1 0 0 0 1 0 0 1 0 0 0 0  = 4.134507e+02 (73 of 100)
1 1 0 1 1 0 1 1 1 0 0 0 1 0 0 1 0 0 0 0  = 4.134507e+02 (74 of 100)
1 1 0 1 1 0 1 1 1 0 0 0 1 0 0 1 0 0 0 0  = 4.134507e+02 (75 of 100)
1 1 0 1 1 0 1 1 1 0 0 0 1 0 0 1 0 0 0 0  = 4.134507e+02 (76 of 100)
1 1 0 1 1 0 1 1 1 0 0 0 1 0 0 1 0 0 0 0  = 4.134507e+02 (77 of 100)
1 1 0 1 1 0 1 1 1 0 0 0 1 0 0 1 0 0 0 0  = 4.134507e+02 (78 of 100)
1 1 0 1 1 0 1 1 1 0 0 0 1 0 0 1 0 0 0 0  = 4.134507e+02 (79 of 100)
1 1 0 1 1 0 1 1 1 0 0 0 1 0 0 1 0 0 0 0  = 4.134507e+02 (80 of 100)
1 1 0 1 1 0 1 1 1 0 0 0 1 0 0 1 0 0 0 0  = 4.134507e+02 (81 of 100)
1 1 0 1 1 0 1 1 1 0 0 0 1 0 0 1 0 0 0 0  = 4.134507e+02 (82 of 100)
1 1 0 1 1 0 1 1 1 0 0 0 1 0 0 1 0 0 0 0  = 4.134507e+02 (83 of 100)
1 1 0 1 1 0 1 1 1 0 0 0 1 0 0 1 0 0 0 0  = 4.134507e+02 (84 of 100)
1 1 0 1 1 0 1 1 1 0 0 0 1 0 0 1 0 0 0 0  = 4.134507e+02 (85 of 100)
1 1 0 1 1 0 1 1 1 0 0 0 1 0 0 1 0 0 0 0  = 4.134507e+02 (86 of 100)
1 1 0 1 1 0 1 1 1 0 0 0 1 0 0 1 0 0 0 0  = 4.134507e+02 (87 of 100)
1 1 0 1 1 0 1 1 1 0 0 0 1 0 0 1 0 0 0 0  = 4.134507e+02 (88 of 100)
1 1 0 1 1 0 1 1 1 0 0 0 1 0 0 1 0 0 0 0  = 4.134507e+02 (89 of 100)
1 1 0 1 1 0 1 1 1 0 0 0 1 0 0 1 0 0 0 0  = 4.134507e+02 (90 of 100)
1 1 0 1 1 0 1 1 1 0 0 0 1 0 0 1 0 0 0 0  = 4.134507e+02 (91 of 100)
1 1 0 1 1 0 1 1 1 0 0 0 1 0 0 1 0 0 0 0  = 4.134507e+02 (92 of 100)
1 1 0 1 1 0 1 1 1 0 0 0 1 0 0 1 0 0 0 0  = 4.134507e+02 (93 of 100)
1 1 0 1 1 0 1 1 1 0 0 0 1 0 0 1 0 0 0 0  = 4.134507e+02 (94 of 100)
1 1 0 1 1 0 1 1 1 0 0 0 1 0 0 1 0 0 0 0  = 4.134507e+02 (95 of 100)
1 1 0 1 1 0 1 1 1 0 0 0 1 0 0 1 0 0 0 0  = 4.134507e+02 (96 of 100)
1 1 0 1 1 0 1 1 1 0 0 0 1 0 0 1 0 0 0 0  = 4.134507e+02 (97 of 100)
1 1 0 1 1 0 1 1 1 0 0 0 1 0 0 1 0 0 0 0  = 4.134507e+02 (98 of 100)
1 1 0 1 1 0 1 1 1 0 0 0 1 0 0 1 0 0 0 0  = 4.134507e+02 (99 of 100)
1 1 0 1 1 0 1 1 1 0 0 0 1 0 0 1 0 0 0 0  = 4.134507e+02 (100 of 100)
*************************************************************
Final Selections (based on 3 neighbors) = 
Rank  1 => 1 1 0 1 1 0 1 1 1 0 0 0 1 0 0 1 0 0 0 0 : delta =  4.1345e+02
Rank  2 => 1 1 0 1 1 0 1 1 1 0 0 0 1 1 0 0 0 0 0 0 : delta =  4.1972e+02
Rank  3 => 1 1 0 1 1 0 1 1 0 0 0 0 1 0 0 1 0 0 0 0 : delta =  4.2163e+02
Rank  4 => 1 1 0 1 1 0 1 1 0 0 0 0 1 1 0 1 0 0 0 0 : delta =  4.2175e+02
Rank  5 => 1 1 0 1 1 0 1 1 1 1 0 0 1 1 0 0 0 0 0 0 : delta =  4.2609e+02
Rank  6 => 1 1 0 1 1 0 1 0 1 0 1 1 0 0 1 1 0 0 0 0 : delta =  4.2975e+02
Rank  7 => 1 1 0 1 1 0 1 0 1 0 1 0 0 0 0 1 0 0 1 0 : delta =  4.3315e+02
Rank  8 => 1 1 0 1 1 0 1 0 1 0 0 0 0 0 0 1 0 1 1 0 : delta =  4.3462e+02
Rank  9 => 1 1 0 1 1 0 1 0 1 0 0 1 0 0 1 1 0 0 0 0 : delta =  4.3481e+02
Rank 10 => 1 1 0 1 1 0 1 0 1 0 0 0 1 0 0 1 0 0 1 0 : delta =  4.3519e+02
-------------------------------------------------------------
Order of importance (based on 20 best configurations): 
(D)Rank    1 : input    2 (score = 100 )
(D)Rank    2 : input    1 (score = 100 )
(D)Rank    3 : input    7 (score = 100 )
(D)Rank    4 : input    4 (score = 100 )
(D)Rank    5 : input    5 (score = 100 )
(D)Rank    6 : input    9 (score = 74 )
(D)Rank    7 : input    8 (score = 70 )
(D)Rank    8 : input   13 (score = 65 )
(D)Rank    9 : input   16 (score = 55 )
(D)Rank   10 : input   14 (score = 49 )
(D)Rank   11 : input   19 (score = 19 )
(D)Rank   12 : input   18 (score = 14 )
(D)Rank   13 : input   15 (score = 14 )
(D)Rank   14 : input   12 (score = 14 )
(D)Rank   15 : input   10 (score = 14 )
(D)Rank   16 : input   11 (score = 10 )
(D)Rank   17 : input    3 (score = 9 )
(D)Rank   18 : input    6 (score = 9 )
(D)Rank   19 : input   20 (score = 0 )
(D)Rank   20 : input   17 (score = 0 )
*************************************************************
Final test using the most important parameters incrementally:
-------------------------------------------------------------
0 0 0 0 0 0 0 0 0 0 0 0 0 0 0 0 0 0 0 0  = 3.513394e+03
0 1 0 0 0 0 0 0 0 0 0 0 0 0 0 0 0 0 0 0  = 1.891570e+03
1 1 0 0 0 0 0 0 0 0 0 0 0 0 0 0 0 0 0 0  = 2.289987e+03
1 1 0 0 0 0 1 0 0 0 0 0 0 0 0 0 0 0 0 0  = 9.704735e+02
1 1 0 1 0 0 1 0 0 0 0 0 0 0 0 0 0 0 0 0  = 8.121681e+02
1 1 0 1 1 0 1 0 0 0 0 0 0 0 0 0 0 0 0 0  = 7.125932e+02
1 1 0 1 1 0 1 0 1 0 0 0 0 0 0 0 0 0 0 0  = 4.616860e+02
1 1 0 1 1 0 1 1 1 0 0 0 0 0 0 0 0 0 0 0  = 5.225172e+02
1 1 0 1 1 0 1 1 1 0 0 0 1 0 0 0 0 0 0 0  = 5.002633e+02
1 1 0 1 1 0 1 1 1 0 0 0 1 0 0 1 0 0 0 0  = 4.439569e+02
1 1 0 1 1 0 1 1 1 0 0 0 1 1 0 1 0 0 0 0  = 4.503917e+02
1 1 0 1 1 0 1 1 1 0 0 0 1 1 0 1 0 0 1 0  = 4.704452e+02
1 1 0 1 1 0 1 1 1 0 0 0 1 1 0 1 0 1 1 0  = 4.789653e+02
1 1 0 1 1 0 1 1 1 0 0 0 1 1 1 1 0 1 1 0  = 4.807167e+02
1 1 0 1 1 0 1 1 1 0 0 1 1 1 1 1 0 1 1 0  = 5.031877e+02
1 1 0 1 1 0 1 1 1 1 0 1 1 1 1 1 0 1 1 0  = 5.193130e+02
1 1 0 1 1 0 1 1 1 1 1 1 1 1 1 1 0 1 1 0  = 5.167362e+02
1 1 1 1 1 0 1 1 1 1 1 1 1 1 1 1 0 1 1 0  = 5.259734e+02
1 1 1 1 1 1 1 1 1 1 1 1 1 1 1 1 0 1 1 0  = 5.224174e+02
1 1 1 1 1 1 1 1 1 1 1 1 1 1 1 1 0 1 1 1  = 5.389309e+02
1 1 1 1 1 1 1 1 1 1 1 1 1 1 1 1 1 1 1 1  = 5.718556e+02
*************************************************************
psuade> *************************************************************
* SumOfTrees screening rankings (with bootstrapping)
* Minimum points per node = 10
*************************************************************
*  Rank   1 : Input =   7 (score = 100.0)
*  Rank   2 : Input =  18 (score = 80.4)
*  Rank   3 : Input =   8 (score = 47.6)
*  Rank   4 : Input =   5 (score = 43.6)
*  Rank   5 : Input =  10 (score = 41.8)
*  Rank   6 : Input =   1 (score = 33.3)
*  Rank   7 : Input =   2 (score = 31.5)
*  Rank   8 : Input =   4 (score = 23.0)
*  Rank   9 : Input =  12 (score = 22.6)
*  Rank  10 : Input =   9 (score = 20.8)
*  Rank  11 : Input =   6 (score = 17.4)
*  Rank  12 : Input =  13 (score = 12.2)
*  Rank  13 : Input =  19 (score = 10.9)
*  Rank  14 : Input =  20 (score =  9.5)
*  Rank  15 : Input =  15 (score =  8.8)
*  Rank  16 : Input =  11 (score =  8.0)
*  Rank  17 : Input =  14 (score =  7.6)
*  Rank  18 : Input =   3 (score =  7.5)
*  Rank  19 : Input =  17 (score =  6.2)
*  Rank  20 : Input =  16 (score =  5.8)
*************************************************************
sot_sa score (sum of all std dev) = 3.418100e+02
psuade> *************************************************************
* Mars screening rankings 
*************************************************************
*  Rank   1 : Input =  18 (score = 100.0)
*  Rank   2 : Input =   7 (score = 61.6)
*  Rank   3 : Input =   5 (score = 58.4)
*  Rank   4 : Input =   4 (score = 58.3)
*  Rank   5 : Input =   6 (score = 55.6)
*  Rank   6 : Input =   2 (score = 47.0)
*  Rank   7 : Input =   1 (score = 41.5)
*  Rank   8 : Input =   9 (score = 38.1)
*  Rank   9 : Input =  10 (score = 35.8)
*  Rank  10 : Input =  15 (score = 35.3)
*  Rank  11 : Input =   8 (score = 27.4)
*  Rank  12 : Input =  17 (score =  0.0)
*  Rank  13 : Input =  19 (score =  0.0)
*  Rank  14 : Input =  16 (score =  0.0)
*  Rank  15 : Input =  12 (score =  0.0)
*  Rank  16 : Input =  11 (score =  0.0)
*  Rank  17 : Input =   3 (score =  0.0)
*  Rank  18 : Input =  14 (score =  0.0)
*  Rank  19 : Input =  20 (score =  0.0)
*  Rank  20 : Input =  13 (score =  0.0)
*************************************************************
psuade> 