**********************************************************************
*      Welcome to PSUADE (version 1.7.5)
**********************************************************************
PSUADE - A Problem Solving environment for 
         Uncertainty Analysis and Design Exploration (1.7.5)
(for help, enter <help>)
======================================================================
psuade> INFO: Creating a sample assuming all uncertain parameters
      are uniformly distributed.
PSUADE INFO: no driver given. The sample points
             will be used for optimization only.
PSUADE run: output level = 2
PSUADE run: max parallel jobs = 1
PSUADE run: max job wait time = 1000000 seconds
PSUADE run: min job wait time = 1 seconds
PSUADE run: launch interval   = 0 seconds
PSUADE run: save frequency    = every 1000000 runs
NOTE: if evaluation should be fast but is slow, check save frequency.
Note: use psuade_pmachine to dynamically change max jobs.
Note: use psuade_stop to terminate gracefully.
======================================================================
PSUADE run: running sample, nSamples = 10 
**********************************************************************
PSUADE : Search for local minima in sample space.
         number of samples = 10
	 optimization starting point 1 : 
		  -3.75000000e+00
		   1.25000000e+00
		   3.75000000e+00
		   3.75000000e+00
		   2.50000000e+00
		  -7.50000000e+00
		  -2.50000000e+00
		  -2.50000000e+00
		   3.75000000e+00
		   1.25000000e+00
		   1.25000000e+00
		   3.75000000e+00
				 Y =   1.00000000e+35
**********************************************************************
**********************************************************************
PSUADE OPTIMIZATION 1 (1) : 
	 starting X(     1) =  -3.75000000e+00
	 starting X(     2) =   1.25000000e+00
	 starting X(     3) =   3.75000000e+00
	 starting X(     4) =   3.75000000e+00
	 starting X(     5) =   2.50000000e+00
	 starting X(     6) =  -7.50000000e+00
	 starting X(     7) =  -2.50000000e+00
	 starting X(     8) =  -2.50000000e+00
	 starting X(     9) =   3.75000000e+00
	 starting X(    10) =   1.25000000e+00
	 starting X(    11) =   1.25000000e+00
	 starting X(    12) =   3.75000000e+00
	 starting Y =   1.00000000e+35
**********************************************************************
**********************************************************************
*     1- OR 2-STAGE OPTIMIZATION UNDER UNCERTAINTY (OUU)
======================================================================
This optimization capability solves the following problem:

   minimize_Z1 { Phi_{Z3,Z4} [ G(Z1,Z2,Z3,Z4) ] } 

   subject to bound constraints on Z1, Z2, and Z4; and

   (or subject to inequality constraints on Z1,Z2,Z3,Z4
    using cobyla if performing a 1-level OUU.)

   Z3 is a set of discrete parameters for which a sample

   is to be provided by the user. 

   (0) How to perform regular optimization? 
       In this case 
       - Z1 will be the optimization variables
       - Z2 should be an empty set
       - Z3 should be an empty set
       - Z4 should be an empty set
       - G(Z1,Z3,Z4)=G(Z1) is the simulator (opt_driver)
   (1) How to perform 1-level OUU? 
       In this case 
       - Z1: the optimization variables
       - Z2: should be an empty set
       - Z3: parameters that you will provide a sample for.
       - Z4: parameters that you do not provide a sample.
         (optionally, you can choose sampling schemed and
          whether you want response surface for Z4).
       - G(Z1,Z3,Z4) is the simulator (opt_driver)

   (2) How to perform 2-level OUU? 
       In this case 
       - Z1: the optimization variables
       - Z2: the set of level-2 optimization parameters.
         If Z2 do not need to be published outside of the G
         function, then it can be specified as an empty set.
       - Z3: parameters that you will provide a sample for.
       - Z4: parameters that you do not provide a sample.
       - There are 2 options to how to set up G(Z1,Z2,Z3,Z4):
         (a) A user-provided level 2 optimizer that does

              G(Z1,Z2,Z3,Z4) = minimize_Z2{F(Z1,Z2,Z3,Z4)}

             where F(Z1,Z2,Z3,Z4) is embedded in G(Z1,...)

             In this case, the user will provide G(Z1,...)
             via opt_driver (i.e. opt_driver = gfunction)
         (b) A user-provided function F(Z1,...) such that

              G(Z1,Z2,Z3,Z4) = minimize_Z2 {F(Z1,Z2,Z3,Z4)}

             In this case, user is expected to provide the
             F(Z1,...) function via 'opt_driver = ffunction'
             and OUU provides the optimizer (BOBYQA).

   In case 1 and 2, Phi_{Z3,Z4} is a functional on G(Z1,...)
   with respect to Z3 and Z4, e.g. Phi_{Z3,Z4} may be:
   1. mean of G(Z1,Z2,Z3,Z4) with respect to Z3,Z4 (default)
   2. mean of G(Z1,Z2,Z3,Z4) + alpha * std dev of G(Z1,...)
   3. G(Z1,Z2,Z3*,Z4*) such that 
         Prob(G(Z1,Z2,Z3,Z4)>G(Z1,Z2,Z3*,Z4*)) = epsilon
   4. min_{Z3,Z4} G(Z1,Z2,Z3,Z4) given Z1,Z2 (robust opt.)
======================================================================
In the above formulation, the total no. of parameters M = 12
These parameters are to be divided into four groups:
(1) Stage 1 optimization parameters Z1 (M1 >= 1) 
(2) Stage 2 optimization (recourse) parameters Z2
(3) uncertain parameters Z3 (with a user-provided sample) 
(4) uncertain parameters Z4 
    - continuous parameters (PSUADE to generate sample), or
    - a large sample (created by PSUADE from RS) 
Thus, the first M1+M2 parameters are considered to be
optimization parameters, and M3+M4 are uncertain parameters
so that M = M1 + M2 + M3 + M4.
======================================================================
To reuse simulation results (e.g. from before abrupt
termination), turn on save_history and use_history
optimization options in the ANALYSIS section (e.g.
optimization save_history). You will see a text file
called 'psuade_ouu_history' afterward.
**********************************************************************
IF YOU ARE READY TO MOVE ON, ENTER 'y' AND RETURN : ======================================================================
M1 = number of design (level 1 optim.) parameters
Enter M1 (between 1 and 12) : M2 = no. of recourse (level 2 optim.) parameters
Enter M2 (between 0 and 8) : M3 = number of discrete (scenario) parameters
Enter M3 (between 0 and 4) : ----------------------------------------------------------------------
Number of first  stage optimization parameters = 4
Number of second stage optimization parameters = 4
Number of discrete   uncertain parameters      = 4
Number of continuous uncertain parameters      = 0
----------------------------------------------------------------------
In the following, please select type for each variable:
  1. design variable (level 1 optimization parameter)
  2. operating variable (level 2 optimization parameter)
  3. discrete uncertain variable (a sample will be given)
  4. continuous uncertain variable
NOTE: make sure your specification matches with above.
Type for variable 1 ? Type for variable 2 ? Type for variable 3 ? Type for variable 4 ? Type for variable 5 ? Type for variable 6 ? Type for variable 7 ? Type for variable 8 ? Type for variable 9 ? Type for variable 10 ? Type for variable 11 ? Type for variable 12 ? ======================================================================
Input    1 is a design parameter.
Input    2 is a design parameter.
Input    3 is a design parameter.
Input    4 is a design parameter.
Input    5 is an operating parameter.
Input    6 is an operating parameter.
Input    7 is an operating parameter.
Input    8 is an operating parameter.
Input    9 is a discrete uncertain parameter.
Input   10 is a discrete uncertain parameter.
Input   11 is a discrete uncertain parameter.
Input   12 is a discrete uncertain parameter.
======================================================================
OUUOptimizer: setting optimization simulation driver.
**********************************************************************
OUUOptimizer: max fevals = 1000000
OUUOptimizer: tolerance  = 1.000000e-06
======================================================================
======================================================================
Select which functional Phi_{Z3,Z4} to use: 
  1. mean of G(Z1,...) with respect to Z3,Z4 (default)
  2. mean of G(Z1,...) + beta * std dev of G(Z1,...)
  3. G(Z1,Z2,Z3*,Z4*) such that 
         Prob(G(Z1,...)>G(Z1,Z2,Z3*,Z4*)) = 1 - alpha
     This is also called value-at-risk with confidence
     level alpha.
Enter your choice of functional (1, 2 or 3) : ======================================================================
A sample for Z3 is needed from you. Data format is:
line 1: <nSamples> <nInputs> 
line 2: <sample 1 input 1> <input 2> ... <probability>
line 3: <sample 2 input 1> <input 2> ... <probability>
...
Enter user sample file name : User sample for Z3 has 100 points
User sample for Z3 CDF = 1.000000e+00 (should be ~1)
For 2-stage OUU, you have 2 options for inner optimization:
(1) You can use BOBYQA available in PSUADE (in this case
    opt_driver should point to your original function), or
(2) You can provide your own optimizer (in opt_driver).
Use your own optimizer instead of BOBYQA? (y or n) NOTE: Make sure your optimizer executable has been
      assigned to 'opt_driver' and it optimizes with
      respect to the 5-th to 8-th parameters.
======================================================================
Each simulation calls the opt_driver with 1 sample point.
For higher efficiency (less I/O), you have the option to
provide in 'ensemble_opt_driver' an executable that can
run multiple sample points. In this case, OUU calls the
ensemble executable with the following sequence: 
    <ensemble_opt_driver> <sampleFile> <outputFile>

where <sampleFile> is in the following format:
   line 1: <nSamples>
   line 2: Sample point 1 input values
   line 3: Sample point 2 input values
   line n: ...

and <outputFile> should have all sample output values.

Use ensemble opt driver for ensemble runs ? (y or n) ======================================================================
You can configure OUU to run the ensemble simulations in
parallel/asynchronous using the Linux fork/join. If 'n'
is entered below, the opt_driver simulator will be
evaluated sequentially (one sample point at a time).
If 'y' is selected instead, be careful, because PSUADE
PSUADE will launch 100 jobs simultaneously, which may
jam up the job queuing system.
Turn on asynchronous mode ? (y or n) ======================================================================
OUUOptimizer initial X   1 = -3.750000e+00
OUUOptimizer initial X   2 = 1.250000e+00
OUUOptimizer initial X   3 = 3.750000e+00
OUUOptimizer initial X   4 = 3.750000e+00
OUUOptimizer: Outer optimization iteration = 1
OUUOptimizer: Outer optimization loop FuncEval 1.
    Current Level 1 input   1 = -3.750000e+00
    Current Level 1 input   2 = 1.250000e+00
    Current Level 1 input   3 = 3.750000e+00
    Current Level 1 input   4 = 3.750000e+00
OUUOptimizer: computing objective (no RS), nFuncEval=100
OUUOptimizer: computed  objective (no RS) = 2.676273e+02.
    OUUOptimizer outer loop new Ymin =   2.67627283e+02 (***)
OUUOptimizer: Outer optimization iteration = 2
OUUOptimizer: Outer optimization loop FuncEval 101.
    Current Level 1 input   1 = 1.250000e+00
    Current Level 1 input   2 = 1.250000e+00
    Current Level 1 input   3 = 3.750000e+00
    Current Level 1 input   4 = 3.750000e+00
OUUOptimizer: computing objective (no RS), nFuncEval=200
OUUOptimizer: computed  objective (no RS) = 1.723070e+02.
    OUUOptimizer outer loop new Ymin =   1.72306952e+02 (***)
OUUOptimizer: Outer optimization iteration = 3
OUUOptimizer: Outer optimization loop FuncEval 201.
    Current Level 1 input   1 = -3.750000e+00
    Current Level 1 input   2 = 5.000000e+00
    Current Level 1 input   3 = 3.750000e+00
    Current Level 1 input   4 = 3.750000e+00
OUUOptimizer: computing objective (no RS), nFuncEval=300
OUUOptimizer: computed  objective (no RS) = 4.958498e+02.
OUUOptimizer: Outer optimization iteration = 4
OUUOptimizer: Outer optimization loop FuncEval 301.
    Current Level 1 input   1 = -3.750000e+00
    Current Level 1 input   2 = 1.250000e+00
    Current Level 1 input   3 = 5.000000e+00
    Current Level 1 input   4 = 3.750000e+00
OUUOptimizer: computing objective (no RS), nFuncEval=400
OUUOptimizer: computed  objective (no RS) = 3.027468e+02.
OUUOptimizer: Outer optimization iteration = 5
OUUOptimizer: Outer optimization loop FuncEval 401.
    Current Level 1 input   1 = -3.750000e+00
    Current Level 1 input   2 = 1.250000e+00
    Current Level 1 input   3 = 3.750000e+00
    Current Level 1 input   4 = 5.000000e+00
OUUOptimizer: computing objective (no RS), nFuncEval=500
OUUOptimizer: computed  objective (no RS) = 3.070649e+02.
OUUOptimizer: Outer optimization iteration = 6
OUUOptimizer: Outer optimization loop FuncEval 501.
    Current Level 1 input   1 = -5.000000e+00
    Current Level 1 input   2 = 1.250000e+00
    Current Level 1 input   3 = 3.750000e+00
    Current Level 1 input   4 = 3.750000e+00
OUUOptimizer: computing objective (no RS), nFuncEval=600
OUUOptimizer: computed  objective (no RS) = 3.695824e+02.
OUUOptimizer: Outer optimization iteration = 7
OUUOptimizer: Outer optimization loop FuncEval 601.
    Current Level 1 input   1 = -3.750000e+00
    Current Level 1 input   2 = -3.750000e+00
    Current Level 1 input   3 = 3.750000e+00
    Current Level 1 input   4 = 3.750000e+00
OUUOptimizer: computing objective (no RS), nFuncEval=700
OUUOptimizer: computed  objective (no RS) = 3.570806e+02.
OUUOptimizer: Outer optimization iteration = 8
OUUOptimizer: Outer optimization loop FuncEval 701.
    Current Level 1 input   1 = -3.750000e+00
    Current Level 1 input   2 = 1.250000e+00
    Current Level 1 input   3 = -1.250000e+00
    Current Level 1 input   4 = 3.750000e+00
OUUOptimizer: computing objective (no RS), nFuncEval=800
OUUOptimizer: computed  objective (no RS) = 2.208994e+02.
OUUOptimizer: Outer optimization iteration = 9
OUUOptimizer: Outer optimization loop FuncEval 801.
    Current Level 1 input   1 = -3.750000e+00
    Current Level 1 input   2 = 1.250000e+00
    Current Level 1 input   3 = 3.750000e+00
    Current Level 1 input   4 = -1.250000e+00
OUUOptimizer: computing objective (no RS), nFuncEval=900
OUUOptimizer: computed  objective (no RS) = 2.390176e+02.
OUUOptimizer: Outer optimization iteration = 10
OUUOptimizer: Outer optimization loop FuncEval 901.
    Current Level 1 input   1 = 1.250000e+00
    Current Level 1 input   2 = -3.750000e+00
    Current Level 1 input   3 = 3.750000e+00
    Current Level 1 input   4 = 3.750000e+00
OUUOptimizer: computing objective (no RS), nFuncEval=1000
OUUOptimizer: computed  objective (no RS) = 2.617603e+02.
OUUOptimizer: Outer optimization iteration = 11
OUUOptimizer: Outer optimization loop FuncEval 1001.
    Current Level 1 input   1 = -3.750000e+00
    Current Level 1 input   2 = -3.750000e+00
    Current Level 1 input   3 = -1.250000e+00
    Current Level 1 input   4 = 3.750000e+00
OUUOptimizer: computing objective (no RS), nFuncEval=1100
OUUOptimizer: computed  objective (no RS) = 3.103528e+02.
OUUOptimizer: Outer optimization iteration = 12
OUUOptimizer: Outer optimization loop FuncEval 1101.
    Current Level 1 input   1 = -3.750000e+00
    Current Level 1 input   2 = 1.250000e+00
    Current Level 1 input   3 = -1.250000e+00
    Current Level 1 input   4 = -1.250000e+00
OUUOptimizer: computing objective (no RS), nFuncEval=1200
OUUOptimizer: computed  objective (no RS) = 1.922898e+02.
OUUOptimizer: Outer optimization iteration = 13
OUUOptimizer: Outer optimization loop FuncEval 1201.
    Current Level 1 input   1 = 1.250000e+00
    Current Level 1 input   2 = 1.250000e+00
    Current Level 1 input   3 = 3.750000e+00
    Current Level 1 input   4 = -1.250000e+00
OUUOptimizer: computing objective (no RS), nFuncEval=1300
OUUOptimizer: computed  objective (no RS) = 1.436973e+02.
    OUUOptimizer outer loop new Ymin =   1.43697302e+02 (***)
OUUOptimizer: Outer optimization iteration = 14
OUUOptimizer: Outer optimization loop FuncEval 1301.
    Current Level 1 input   1 = 1.250000e+00
    Current Level 1 input   2 = 1.250000e+00
    Current Level 1 input   3 = -1.250000e+00
    Current Level 1 input   4 = 3.750000e+00
OUUOptimizer: computing objective (no RS), nFuncEval=1400
OUUOptimizer: computed  objective (no RS) = 1.255791e+02.
    OUUOptimizer outer loop new Ymin =   1.25579083e+02 (***)
OUUOptimizer: Outer optimization iteration = 15
OUUOptimizer: Outer optimization loop FuncEval 1401.
    Current Level 1 input   1 = -3.750000e+00
    Current Level 1 input   2 = -3.750000e+00
    Current Level 1 input   3 = 3.750000e+00
    Current Level 1 input   4 = -1.250000e+00
OUUOptimizer: computing objective (no RS), nFuncEval=1500
OUUOptimizer: computed  objective (no RS) = 3.284710e+02.
OUUOptimizer: Outer optimization iteration = 16
OUUOptimizer: Outer optimization loop FuncEval 1501.
    Current Level 1 input   1 = 5.000000e+00
    Current Level 1 input   2 = 4.214896e-01
    Current Level 1 input   3 = -4.088813e+00
    Current Level 1 input   4 = 2.269388e+00
OUUOptimizer: computing objective (no RS), nFuncEval=1600
OUUOptimizer: computed  objective (no RS) = 3.761540e+02.
OUUOptimizer: Outer optimization iteration = 17
OUUOptimizer: Outer optimization loop FuncEval 1601.
    Current Level 1 input   1 = -6.709815e-02
    Current Level 1 input   2 = 5.144833e-01
    Current Level 1 input   3 = -2.961477e+00
    Current Level 1 input   4 = 2.727692e+00
OUUOptimizer: computing objective (no RS), nFuncEval=1700
OUUOptimizer: computed  objective (no RS) = 8.292118e+01.
    OUUOptimizer outer loop new Ymin =   8.29211825e+01 (***)
OUUOptimizer: Outer optimization iteration = 18
OUUOptimizer: Outer optimization loop FuncEval 1701.
    Current Level 1 input   1 = -2.712495e-01
    Current Level 1 input   2 = 1.940834e-01
    Current Level 1 input   3 = -3.083692e+00
    Current Level 1 input   4 = 2.597515e-01
OUUOptimizer: computing objective (no RS), nFuncEval=1800
OUUOptimizer: computed  objective (no RS) = 6.177821e+01.
    OUUOptimizer outer loop new Ymin =   6.17782066e+01 (***)
OUUOptimizer: Outer optimization iteration = 19
OUUOptimizer: Outer optimization loop FuncEval 1801.
    Current Level 1 input   1 = -1.290200e-02
    Current Level 1 input   2 = -1.483815e-01
    Current Level 1 input   3 = -2.413320e+00
    Current Level 1 input   4 = -4.676500e+00
OUUOptimizer: computing objective (no RS), nFuncEval=1900
OUUOptimizer: computed  objective (no RS) = 1.638907e+02.
OUUOptimizer: Outer optimization iteration = 20
OUUOptimizer: Outer optimization loop FuncEval 1901.
    Current Level 1 input   1 = -2.314490e-01
    Current Level 1 input   2 = 1.005121e+00
    Current Level 1 input   3 = -3.720914e+00
    Current Level 1 input   4 = 1.541452e-01
OUUOptimizer: computing objective (no RS), nFuncEval=2000
OUUOptimizer: computed  objective (no RS) = 8.644435e+01.
OUUOptimizer: Outer optimization iteration = 21
OUUOptimizer: Outer optimization loop FuncEval 2001.
    Current Level 1 input   1 = -2.939317e-01
    Current Level 1 input   2 = -2.361179e-01
    Current Level 1 input   3 = -6.399716e-01
    Current Level 1 input   4 = 5.641266e-01
OUUOptimizer: computing objective (no RS), nFuncEval=2100
OUUOptimizer: computed  objective (no RS) = 3.679620e+01.
    OUUOptimizer outer loop new Ymin =   3.67961999e+01 (***)
OUUOptimizer: Outer optimization iteration = 22
OUUOptimizer: Outer optimization loop FuncEval 2101.
    Current Level 1 input   1 = -2.969854e-01
    Current Level 1 input   2 = -2.560267e-01
    Current Level 1 input   3 = -3.076113e-01
    Current Level 1 input   4 = 5.570671e-01
OUUOptimizer: computing objective (no RS), nFuncEval=2200
OUUOptimizer: computed  objective (no RS) = 3.646094e+01.
    OUUOptimizer outer loop new Ymin =   3.64609432e+01 (***)
OUUOptimizer: Outer optimization iteration = 23
OUUOptimizer: Outer optimization loop FuncEval 2201.
    Current Level 1 input   1 = -1.043050e-01
    Current Level 1 input   2 = -6.210021e-01
    Current Level 1 input   3 = -5.353204e-01
    Current Level 1 input   4 = 3.902866e-01
OUUOptimizer: computing objective (no RS), nFuncEval=2300
OUUOptimizer: computed  objective (no RS) = 3.830141e+01.
OUUOptimizer: Outer optimization iteration = 24
OUUOptimizer: Outer optimization loop FuncEval 2301.
    Current Level 1 input   1 = 1.441815e-01
    Current Level 1 input   2 = -4.072874e-01
    Current Level 1 input   3 = -2.343282e-01
    Current Level 1 input   4 = 7.217532e-01
OUUOptimizer: computing objective (no RS), nFuncEval=2400
OUUOptimizer: computed  objective (no RS) = 3.873868e+01.
OUUOptimizer: Outer optimization iteration = 25
OUUOptimizer: Outer optimization loop FuncEval 2401.
    Current Level 1 input   1 = -3.124911e-01
    Current Level 1 input   2 = -2.953104e-01
    Current Level 1 input   3 = -2.831224e-01
    Current Level 1 input   4 = 5.462660e-01
OUUOptimizer: computing objective (no RS), nFuncEval=2500
OUUOptimizer: computed  objective (no RS) = 3.647960e+01.
OUUOptimizer: Outer optimization iteration = 26
OUUOptimizer: Outer optimization loop FuncEval 2501.
    Current Level 1 input   1 = -2.989148e-01
    Current Level 1 input   2 = -2.371529e-01
    Current Level 1 input   3 = -2.710721e-01
    Current Level 1 input   4 = 5.854386e-01
OUUOptimizer: computing objective (no RS), nFuncEval=2600
OUUOptimizer: computed  objective (no RS) = 3.647139e+01.
OUUOptimizer: Outer optimization iteration = 27
OUUOptimizer: Outer optimization loop FuncEval 2601.
    Current Level 1 input   1 = -3.141986e-01
    Current Level 1 input   2 = -2.729354e-01
    Current Level 1 input   3 = -3.292484e-01
    Current Level 1 input   4 = 5.951412e-01
OUUOptimizer: computing objective (no RS), nFuncEval=2700
OUUOptimizer: computed  objective (no RS) = 3.647373e+01.
OUUOptimizer: Outer optimization iteration = 28
OUUOptimizer: Outer optimization loop FuncEval 2701.
    Current Level 1 input   1 = -3.016119e-01
    Current Level 1 input   2 = -2.550134e-01
    Current Level 1 input   3 = -3.079757e-01
    Current Level 1 input   4 = 5.555062e-01
OUUOptimizer: computing objective (no RS), nFuncEval=2800
OUUOptimizer: computed  objective (no RS) = 3.646120e+01.
OUUOptimizer: Outer optimization iteration = 29
OUUOptimizer: Outer optimization loop FuncEval 2801.
    Current Level 1 input   1 = -2.978296e-01
    Current Level 1 input   2 = -2.541452e-01
    Current Level 1 input   3 = -3.096541e-01
    Current Level 1 input   4 = 5.611382e-01
OUUOptimizer: computing objective (no RS), nFuncEval=2900
OUUOptimizer: computed  objective (no RS) = 3.646105e+01.
OUUOptimizer: Outer optimization iteration = 30
OUUOptimizer: Outer optimization loop FuncEval 2901.
    Current Level 1 input   1 = -2.956667e-01
    Current Level 1 input   2 = -2.514972e-01
    Current Level 1 input   3 = -3.064348e-01
    Current Level 1 input   4 = 5.559009e-01
OUUOptimizer: computing objective (no RS), nFuncEval=3000
OUUOptimizer: computed  objective (no RS) = 3.646116e+01.
OUUOptimizer: Outer optimization iteration = 31
OUUOptimizer: Outer optimization loop FuncEval 3001.
    Current Level 1 input   1 = -2.967967e-01
    Current Level 1 input   2 = -2.560737e-01
    Current Level 1 input   3 = -3.075976e-01
    Current Level 1 input   4 = 5.576920e-01
OUUOptimizer: computing objective (no RS), nFuncEval=3100
OUUOptimizer: computed  objective (no RS) = 3.646094e+01.
    OUUOptimizer outer loop new Ymin =   3.64609412e+01 (***)
OUUOptimizer: Outer optimization iteration = 32
OUUOptimizer: Outer optimization loop FuncEval 3101.
    Current Level 1 input   1 = -2.966867e-01
    Current Level 1 input   2 = -2.561008e-01
    Current Level 1 input   3 = -3.080844e-01
    Current Level 1 input   4 = 5.576786e-01
OUUOptimizer: computing objective (no RS), nFuncEval=3200
OUUOptimizer: computed  objective (no RS) = 3.646094e+01.
OUUOptimizer: Outer optimization iteration = 33
OUUOptimizer: Outer optimization loop FuncEval 3201.
    Current Level 1 input   1 = -2.970739e-01
    Current Level 1 input   2 = -2.564737e-01
    Current Level 1 input   3 = -3.076590e-01
    Current Level 1 input   4 = 5.575953e-01
OUUOptimizer: computing objective (no RS), nFuncEval=3300
OUUOptimizer: computed  objective (no RS) = 3.646094e+01.
OUUOptimizer: Outer optimization iteration = 34
OUUOptimizer: Outer optimization loop FuncEval 3301.
    Current Level 1 input   1 = -2.968684e-01
    Current Level 1 input   2 = -2.563266e-01
    Current Level 1 input   3 = -3.076423e-01
    Current Level 1 input   4 = 5.581150e-01
OUUOptimizer: computing objective (no RS), nFuncEval=3400
OUUOptimizer: computed  objective (no RS) = 3.646094e+01.
OUUOptimizer: Outer optimization iteration = 35
OUUOptimizer: Outer optimization loop FuncEval 3401.
    Current Level 1 input   1 = -2.968436e-01
    Current Level 1 input   2 = -2.560565e-01
    Current Level 1 input   3 = -3.075983e-01
    Current Level 1 input   4 = 5.576932e-01
OUUOptimizer: computing objective (no RS), nFuncEval=3500
OUUOptimizer: computed  objective (no RS) = 3.646094e+01.
OUUOptimizer: Outer optimization iteration = 36
OUUOptimizer: Outer optimization loop FuncEval 3501.
    Current Level 1 input   1 = -2.968080e-01
    Current Level 1 input   2 = -2.560973e-01
    Current Level 1 input   3 = -3.075551e-01
    Current Level 1 input   4 = 5.576934e-01
OUUOptimizer: computing objective (no RS), nFuncEval=3600
OUUOptimizer: computed  objective (no RS) = 3.646094e+01.
OUUOptimizer: Outer optimization iteration = 37
OUUOptimizer: Outer optimization loop FuncEval 3601.
    Current Level 1 input   1 = -2.967955e-01
    Current Level 1 input   2 = -2.560964e-01
    Current Level 1 input   3 = -3.076072e-01
    Current Level 1 input   4 = 5.576486e-01
OUUOptimizer: computing objective (no RS), nFuncEval=3700
OUUOptimizer: computed  objective (no RS) = 3.646094e+01.
OUUOptimizer: Outer optimization iteration = 38
OUUOptimizer: Outer optimization loop FuncEval 3701.
    Current Level 1 input   1 = -2.967994e-01
    Current Level 1 input   2 = -2.560752e-01
    Current Level 1 input   3 = -3.076015e-01
    Current Level 1 input   4 = 5.576915e-01
OUUOptimizer: computing objective (no RS), nFuncEval=3800
OUUOptimizer: computed  objective (no RS) = 3.646094e+01.
OUUOptimizer: Outer optimization iteration = 39
OUUOptimizer: Outer optimization loop FuncEval 3801.
    Current Level 1 input   1 = -2.967962e-01
    Current Level 1 input   2 = -2.560698e-01
    Current Level 1 input   3 = -3.075985e-01
    Current Level 1 input   4 = 5.576890e-01
OUUOptimizer: computing objective (no RS), nFuncEval=3900
OUUOptimizer: computed  objective (no RS) = 3.646094e+01.
OUUOptimizer: Outer optimization iteration = 40
OUUOptimizer: Outer optimization loop FuncEval 3901.
    Current Level 1 input   1 = -2.967963e-01
    Current Level 1 input   2 = -2.560708e-01
    Current Level 1 input   3 = -3.075968e-01
    Current Level 1 input   4 = 5.576961e-01
OUUOptimizer: computing objective (no RS), nFuncEval=4000
OUUOptimizer: computed  objective (no RS) = 3.646094e+01.
OUUOptimizer: Outer optimization iteration = 41
OUUOptimizer: Outer optimization loop FuncEval 4001.
    Current Level 1 input   1 = -2.967967e-01
    Current Level 1 input   2 = -2.560738e-01
    Current Level 1 input   3 = -3.075956e-01
    Current Level 1 input   4 = 5.576920e-01
OUUOptimizer: computing objective (no RS), nFuncEval=4100
OUUOptimizer: computed  objective (no RS) = 3.646094e+01.
    OUUOptimizer outer loop new Ymin =   3.64609412e+01 (***)
OUUOptimizer: total number of evaluations = 4100
	 OUUOptimizer number of function evaluations = 4100
	 optimum  X(     1) =  -2.96796694e-01
	 optimum  X(     2) =  -2.56073784e-01
	 optimum  X(     3) =  -3.07595642e-01
	 optimum  X(     4) =   5.57692006e-01
			 optimum Y =   3.64609412e+01
**********************************************************************
	 OUU total number of function evaluations = 4100
**********************************************************************
PSUADE Optimization Results.
PSUADE Optimization : local optima 1 (1) - 
		X     1 =  -2.96796694e-01
		X     2 =  -2.56073784e-01
		X     3 =  -3.07595642e-01
		X     4 =   5.57692006e-01
			Ymin =   3.64609412e+01
##################################################
PSUADE OPTIMIZATION : CURRENT GLOBAL MINIMUM - 
		X     1 =  -2.96796694e-01
		X     2 =  -2.56073784e-01
		X     3 =  -3.07595642e-01
		X     4 =   5.57692006e-01
			Ymin =   3.64609412e+01
##################################################
**********************************************************************
======================================================================
psuade> 