**********************************************************************
*      Welcome to PSUADE (version 1.7.5)
**********************************************************************
PSUADE - A Problem Solving environment for 
         Uncertainty Analysis and Design Exploration (1.7.5)
(for help, enter <help>)
======================================================================
psuade> INFO: Creating a sample assuming all uncertain parameters
      are uniformly distributed.
PSUADE INFO: no driver given. The sample points
             will be used for optimization only.
PSUADE run: output level = 2
PSUADE run: max parallel jobs = 1
PSUADE run: max job wait time = 1000000 seconds
PSUADE run: min job wait time = 1 seconds
PSUADE run: launch interval   = 0 seconds
PSUADE run: save frequency    = every 1000000 runs
NOTE: if evaluation should be fast but is slow, check save frequency.
Note: use psuade_pmachine to dynamically change max jobs.
Note: use psuade_stop to terminate gracefully.
======================================================================
PSUADE run: running sample, nSamples = 10 
**********************************************************************
PSUADE : Search for local minima in sample space.
         number of samples = 10
	 optimization starting point 1 : 
		  -3.75000000e+00
		   1.25000000e+00
		   3.75000000e+00
		   3.75000000e+00
		   2.50000000e+00
		  -7.50000000e+00
		  -2.50000000e+00
		  -2.50000000e+00
		   3.75000000e+00
		   1.25000000e+00
		   1.25000000e+00
		   3.75000000e+00
				 Y =   1.00000000e+35
**********************************************************************
**********************************************************************
PSUADE OPTIMIZATION 1 (1) : 
	 starting X(     1) =  -3.75000000e+00
	 starting X(     2) =   1.25000000e+00
	 starting X(     3) =   3.75000000e+00
	 starting X(     4) =   3.75000000e+00
	 starting X(     5) =   2.50000000e+00
	 starting X(     6) =  -7.50000000e+00
	 starting X(     7) =  -2.50000000e+00
	 starting X(     8) =  -2.50000000e+00
	 starting X(     9) =   3.75000000e+00
	 starting X(    10) =   1.25000000e+00
	 starting X(    11) =   1.25000000e+00
	 starting X(    12) =   3.75000000e+00
	 starting Y =   1.00000000e+35
**********************************************************************
**********************************************************************
*     1- OR 2-STAGE OPTIMIZATION UNDER UNCERTAINTY (OUU)
======================================================================
This optimization capability solves the following problem:

   minimize_Z1 { Phi_{Z3,Z4} [ G(Z1,Z2,Z3,Z4) ] } 

   subject to bound constraints on Z1, Z2, and Z4; and

   (or subject to inequality constraints on Z1,Z2,Z3,Z4
    using cobyla if performing a 1-level OUU.)

   Z3 is a set of discrete parameters for which a sample

   is to be provided by the user. 

   (0) How to perform regular optimization? 
       In this case 
       - Z1 will be the optimization variables
       - Z2 should be an empty set
       - Z3 should be an empty set
       - Z4 should be an empty set
       - G(Z1,Z3,Z4)=G(Z1) is the simulator (opt_driver)
   (1) How to perform 1-level OUU? 
       In this case 
       - Z1: the optimization variables
       - Z2: should be an empty set
       - Z3: parameters that you will provide a sample for.
       - Z4: parameters that you do not provide a sample.
         (optionally, you can choose sampling schemed and
          whether you want response surface for Z4).
       - G(Z1,Z3,Z4) is the simulator (opt_driver)

   (2) How to perform 2-level OUU? 
       In this case 
       - Z1: the optimization variables
       - Z2: the set of level-2 optimization parameters.
         If Z2 do not need to be published outside of the G
         function, then it can be specified as an empty set.
       - Z3: parameters that you will provide a sample for.
       - Z4: parameters that you do not provide a sample.
       - There are 2 options to how to set up G(Z1,Z2,Z3,Z4):
         (a) A user-provided level 2 optimizer that does

              G(Z1,Z2,Z3,Z4) = minimize_Z2{F(Z1,Z2,Z3,Z4)}

             where F(Z1,Z2,Z3,Z4) is embedded in G(Z1,...)

             In this case, the user will provide G(Z1,...)
             via opt_driver (i.e. opt_driver = gfunction)
         (b) A user-provided function F(Z1,...) such that

              G(Z1,Z2,Z3,Z4) = minimize_Z2 {F(Z1,Z2,Z3,Z4)}

             In this case, user is expected to provide the
             F(Z1,...) function via 'opt_driver = ffunction'
             and OUU provides the optimizer (BOBYQA).

   In case 1 and 2, Phi_{Z3,Z4} is a functional on G(Z1,...)
   with respect to Z3 and Z4, e.g. Phi_{Z3,Z4} may be:
   1. mean of G(Z1,Z2,Z3,Z4) with respect to Z3,Z4 (default)
   2. mean of G(Z1,Z2,Z3,Z4) + alpha * std dev of G(Z1,...)
   3. G(Z1,Z2,Z3*,Z4*) such that 
         Prob(G(Z1,Z2,Z3,Z4)>G(Z1,Z2,Z3*,Z4*)) = epsilon
   4. min_{Z3,Z4} G(Z1,Z2,Z3,Z4) given Z1,Z2 (robust opt.)
======================================================================
In the above formulation, the total no. of parameters M = 12
These parameters are to be divided into four groups:
(1) Stage 1 optimization parameters Z1 (M1 >= 1) 
(2) Stage 2 optimization (recourse) parameters Z2
(3) uncertain parameters Z3 (with a user-provided sample) 
(4) uncertain parameters Z4 
    - continuous parameters (PSUADE to generate sample), or
    - a large sample (created by PSUADE from RS) 
Thus, the first M1+M2 parameters are considered to be
optimization parameters, and M3+M4 are uncertain parameters
so that M = M1 + M2 + M3 + M4.
======================================================================
To reuse simulation results (e.g. from before abrupt
termination), turn on save_history and use_history
optimization options in the ANALYSIS section (e.g.
optimization save_history). You will see a text file
called 'psuade_ouu_history' afterward.
**********************************************************************
IF YOU ARE READY TO MOVE ON, ENTER 'y' AND RETURN : ======================================================================
M1 = number of design (level 1 optim.) parameters
Enter M1 (between 1 and 12) : M2 = no. of recourse (level 2 optim.) parameters
Enter M2 (between 0 and 8) : M3 = number of discrete (scenario) parameters
Enter M3 (between 0 and 4) : ----------------------------------------------------------------------
Number of first  stage optimization parameters = 4
Number of second stage optimization parameters = 4
Number of discrete   uncertain parameters      = 0
Number of continuous uncertain parameters      = 4
----------------------------------------------------------------------
In the following, please select type for each variable:
  1. design variable (level 1 optimization parameter)
  2. operating variable (level 2 optimization parameter)
  3. discrete uncertain variable (a sample will be given)
  4. continuous uncertain variable
NOTE: make sure your specification matches with above.
Type for variable 1 ? Type for variable 2 ? Type for variable 3 ? Type for variable 4 ? Type for variable 5 ? Type for variable 6 ? Type for variable 7 ? Type for variable 8 ? Type for variable 9 ? Type for variable 10 ? Type for variable 11 ? Type for variable 12 ? ======================================================================
Input    1 is a design parameter.
Input    2 is a design parameter.
Input    3 is a design parameter.
Input    4 is a design parameter.
Input    5 is an operating parameter.
Input    6 is an operating parameter.
Input    7 is an operating parameter.
Input    8 is an operating parameter.
Input    9 is a continuous uncertain parameter.
Input   10 is a continuous uncertain parameter.
Input   11 is a continuous uncertain parameter.
Input   12 is a continuous uncertain parameter.
PDF type for Input     9 = Uniform
PDF type for Input    10 = Uniform
PDF type for Input    11 = Uniform
PDF type for Input    12 = Uniform
======================================================================
OUUOptimizer: setting optimization simulation driver.
**********************************************************************
OUUOptimizer: max fevals = 1000000
OUUOptimizer: tolerance  = 1.000000e-06
======================================================================
======================================================================
Select which functional Phi_{Z3,Z4} to use: 
  1. mean of G(Z1,...) with respect to Z3,Z4 (default)
  2. mean of G(Z1,...) + beta * std dev of G(Z1,...)
  3. G(Z1,Z2,Z3*,Z4*) such that 
         Prob(G(Z1,...)>G(Z1,Z2,Z3*,Z4*)) = 1 - alpha
     This is also called value-at-risk with confidence
     level alpha.
Enter your choice of functional (1, 2 or 3) : OUUOptimizer: generating a sample for Z4. Two options:
(1) Users can upload a sample to PSUADE
(2) PSUADE can internally create a sample
Select option 1 or 2 : ======================================================================
A Z4 sample is needed from you. The file format should be:
line 1: <nSamples> <nInputs> 
line 2: <sample 1 input 1> <input 2> 
line 3: <sample 2 input 1> <input 2> 
...
Enter user sample file name : The user sample for Z4 has 100 points
You have the option to select a subset of Z4 to build a
response surface and use the original larger Z4 sample
to estimate the statistics from the response surface.
Use response surface for Z4? (y or n) Your Z4 sample size is 100.
This sample size may be too large for building a RS.
Number of points to use for building RS? (5 - 100) You have 2 options on how to generate this RS set:
(1) You upload another Z4 sample of size 100
(2) PSUADE randomly draws 100 points from your sample
Select option 1 or 2 : OUU will randomly select a subset of points from
the original Z4 sample to build response surface.
For 2-stage OUU, you have 2 options for inner optimization:
(1) You can use BOBYQA available in PSUADE (in this case
    opt_driver should point to your original function), or
(2) You can provide your own optimizer (in opt_driver).
Use your own optimizer instead of BOBYQA? (y or n) NOTE: Make sure your optimizer executable has been
      assigned to 'opt_driver' and it optimizes with
      respect to the 5-th to 8-th parameters.
======================================================================
Each simulation calls the opt_driver with 1 sample point.
For higher efficiency (less I/O), you have the option to
provide in 'ensemble_opt_driver' an executable that can
run multiple sample points. In this case, OUU calls the
ensemble executable with the following sequence: 
    <ensemble_opt_driver> <sampleFile> <outputFile>

where <sampleFile> is in the following format:
   line 1: <nSamples>
   line 2: Sample point 1 input values
   line 3: Sample point 2 input values
   line n: ...

and <outputFile> should have all sample output values.

Use ensemble opt driver for ensemble runs ? (y or n) ======================================================================
You can configure OUU to run the ensemble simulations in
parallel/asynchronous using the Linux fork/join. If 'n'
is entered below, the opt_driver simulator will be
evaluated sequentially (one sample point at a time).
If 'y' is selected instead, be careful, because PSUADE
PSUADE will launch 100 jobs simultaneously, which may
jam up the job queuing system.
Turn on asynchronous mode ? (y or n) ======================================================================
OUUOptimizer: setting up response surface
OUUOptimizer: use Kriging (slow) response surface
OUUOptimizer initial X   1 = -3.750000e+00
OUUOptimizer initial X   2 = 1.250000e+00
OUUOptimizer initial X   3 = 3.750000e+00
OUUOptimizer initial X   4 = 3.750000e+00
OUUOptimizer: Outer optimization iteration = 1
OUUOptimizer: Outer optimization loop FuncEval 1.
    Current Level 1 input   1 = -3.750000e+00
    Current Level 1 input   2 = 1.250000e+00
    Current Level 1 input   3 = 3.750000e+00
    Current Level 1 input   4 = 3.750000e+00
OUUOptimizer: computing objective with RS, nFuncEval=100
OUUOptimizer: computed  objective (with RS) = 2.979817e+02.
    OUUOptimizer outer loop new Ymin =   2.97981701e+02 (***)
OUUOptimizer: Outer optimization iteration = 2
OUUOptimizer: Outer optimization loop FuncEval 101.
    Current Level 1 input   1 = 1.250000e+00
    Current Level 1 input   2 = 1.250000e+00
    Current Level 1 input   3 = 3.750000e+00
    Current Level 1 input   4 = 3.750000e+00
OUUOptimizer: computing objective with RS, nFuncEval=200
OUUOptimizer: computed  objective (with RS) = 1.606554e+02.
    OUUOptimizer outer loop new Ymin =   1.60655384e+02 (***)
OUUOptimizer: Outer optimization iteration = 3
OUUOptimizer: Outer optimization loop FuncEval 201.
    Current Level 1 input   1 = -3.750000e+00
    Current Level 1 input   2 = 5.000000e+00
    Current Level 1 input   3 = 3.750000e+00
    Current Level 1 input   4 = 3.750000e+00
OUUOptimizer: computing objective with RS, nFuncEval=300
OUUOptimizer: computed  objective (with RS) = 5.255617e+02.
OUUOptimizer: Outer optimization iteration = 4
OUUOptimizer: Outer optimization loop FuncEval 301.
    Current Level 1 input   1 = -3.750000e+00
    Current Level 1 input   2 = 1.250000e+00
    Current Level 1 input   3 = 5.000000e+00
    Current Level 1 input   4 = 3.750000e+00
OUUOptimizer: computing objective with RS, nFuncEval=400
OUUOptimizer: computed  objective (with RS) = 3.307651e+02.
OUUOptimizer: Outer optimization iteration = 5
OUUOptimizer: Outer optimization loop FuncEval 401.
    Current Level 1 input   1 = -3.750000e+00
    Current Level 1 input   2 = 1.250000e+00
    Current Level 1 input   3 = 3.750000e+00
    Current Level 1 input   4 = 5.000000e+00
OUUOptimizer: computing objective with RS, nFuncEval=500
OUUOptimizer: computed  objective (with RS) = 3.373387e+02.
OUUOptimizer: Outer optimization iteration = 6
OUUOptimizer: Outer optimization loop FuncEval 501.
    Current Level 1 input   1 = -5.000000e+00
    Current Level 1 input   2 = 1.250000e+00
    Current Level 1 input   3 = 3.750000e+00
    Current Level 1 input   4 = 3.750000e+00
OUUOptimizer: computing objective with RS, nFuncEval=600
OUUOptimizer: computed  objective (with RS) = 4.104383e+02.
OUUOptimizer: Outer optimization iteration = 7
OUUOptimizer: Outer optimization loop FuncEval 601.
    Current Level 1 input   1 = -3.750000e+00
    Current Level 1 input   2 = -3.750000e+00
    Current Level 1 input   3 = 3.750000e+00
    Current Level 1 input   4 = 3.750000e+00
OUUOptimizer: computing objective with RS, nFuncEval=700
OUUOptimizer: computed  objective (with RS) = 3.882917e+02.
OUUOptimizer: Outer optimization iteration = 8
OUUOptimizer: Outer optimization loop FuncEval 701.
    Current Level 1 input   1 = -3.750000e+00
    Current Level 1 input   2 = 1.250000e+00
    Current Level 1 input   3 = -1.250000e+00
    Current Level 1 input   4 = 3.750000e+00
OUUOptimizer: computing objective with RS, nFuncEval=800
OUUOptimizer: computed  objective (with RS) = 2.605981e+02.
OUUOptimizer: Outer optimization iteration = 9
OUUOptimizer: Outer optimization loop FuncEval 801.
    Current Level 1 input   1 = -3.750000e+00
    Current Level 1 input   2 = 1.250000e+00
    Current Level 1 input   3 = 3.750000e+00
    Current Level 1 input   4 = -1.250000e+00
OUUOptimizer: computing objective with RS, nFuncEval=900
OUUOptimizer: computed  objective (with RS) = 2.688522e+02.
OUUOptimizer: Outer optimization iteration = 10
OUUOptimizer: Outer optimization loop FuncEval 901.
    Current Level 1 input   1 = 1.250000e+00
    Current Level 1 input   2 = -3.750000e+00
    Current Level 1 input   3 = 3.750000e+00
    Current Level 1 input   4 = 3.750000e+00
OUUOptimizer: computing objective with RS, nFuncEval=1000
OUUOptimizer: computed  objective (with RS) = 2.509654e+02.
OUUOptimizer: Outer optimization iteration = 11
OUUOptimizer: Outer optimization loop FuncEval 1001.
    Current Level 1 input   1 = -3.750000e+00
    Current Level 1 input   2 = -3.750000e+00
    Current Level 1 input   3 = -1.250000e+00
    Current Level 1 input   4 = 3.750000e+00
OUUOptimizer: computing objective with RS, nFuncEval=1100
OUUOptimizer: computed  objective (with RS) = 3.509081e+02.
OUUOptimizer: Outer optimization iteration = 12
OUUOptimizer: Outer optimization loop FuncEval 1101.
    Current Level 1 input   1 = -3.750000e+00
    Current Level 1 input   2 = 1.250000e+00
    Current Level 1 input   3 = -1.250000e+00
    Current Level 1 input   4 = -1.250000e+00
OUUOptimizer: computing objective with RS, nFuncEval=1200
OUUOptimizer: computed  objective (with RS) = 2.314686e+02.
OUUOptimizer: Outer optimization iteration = 13
OUUOptimizer: Outer optimization loop FuncEval 1201.
    Current Level 1 input   1 = 1.250000e+00
    Current Level 1 input   2 = 1.250000e+00
    Current Level 1 input   3 = 3.750000e+00
    Current Level 1 input   4 = -1.250000e+00
OUUOptimizer: computing objective with RS, nFuncEval=1300
OUUOptimizer: computed  objective (with RS) = 1.315259e+02.
    OUUOptimizer outer loop new Ymin =   1.31525899e+02 (***)
OUUOptimizer: Outer optimization iteration = 14
OUUOptimizer: Outer optimization loop FuncEval 1301.
    Current Level 1 input   1 = 1.250000e+00
    Current Level 1 input   2 = 1.250000e+00
    Current Level 1 input   3 = -1.250000e+00
    Current Level 1 input   4 = 3.750000e+00
OUUOptimizer: computing objective with RS, nFuncEval=1400
OUUOptimizer: computed  objective (with RS) = 1.232718e+02.
    OUUOptimizer outer loop new Ymin =   1.23271793e+02 (***)
OUUOptimizer: Outer optimization iteration = 15
OUUOptimizer: Outer optimization loop FuncEval 1401.
    Current Level 1 input   1 = -3.750000e+00
    Current Level 1 input   2 = -3.750000e+00
    Current Level 1 input   3 = 3.750000e+00
    Current Level 1 input   4 = -1.250000e+00
OUUOptimizer: computing objective with RS, nFuncEval=1500
OUUOptimizer: computed  objective (with RS) = 3.591622e+02.
OUUOptimizer: Outer optimization iteration = 16
OUUOptimizer: Outer optimization loop FuncEval 1501.
    Current Level 1 input   1 = 5.000000e+00
    Current Level 1 input   2 = 3.826450e-01
    Current Level 1 input   3 = -3.741376e+00
    Current Level 1 input   4 = 1.755448e+00
OUUOptimizer: computing objective with RS, nFuncEval=1600
OUUOptimizer: computed  objective (with RS) = 3.329413e+02.
OUUOptimizer: Outer optimization iteration = 17
OUUOptimizer: Outer optimization loop FuncEval 1601.
    Current Level 1 input   1 = 3.160528e-01
    Current Level 1 input   2 = 3.666190e-01
    Current Level 1 input   3 = -2.904352e+00
    Current Level 1 input   4 = 2.385998e+00
OUUOptimizer: computing objective with RS, nFuncEval=1700
OUUOptimizer: computed  objective (with RS) = 8.652356e+01.
    OUUOptimizer outer loop new Ymin =   8.65235606e+01 (***)
OUUOptimizer: Outer optimization iteration = 18
OUUOptimizer: Outer optimization loop FuncEval 1701.
    Current Level 1 input   1 = -8.632206e-02
    Current Level 1 input   2 = 5.697275e-01
    Current Level 1 input   3 = -5.000000e+00
    Current Level 1 input   4 = -2.131202e+00
OUUOptimizer: computing objective with RS, nFuncEval=1800
OUUOptimizer: computed  objective (with RS) = 1.542692e+02.
OUUOptimizer: Outer optimization iteration = 19
OUUOptimizer: Outer optimization loop FuncEval 1801.
    Current Level 1 input   1 = 1.977204e-01
    Current Level 1 input   2 = 7.440521e-01
    Current Level 1 input   3 = -3.836160e+00
    Current Level 1 input   4 = 3.110739e+00
OUUOptimizer: computing objective with RS, nFuncEval=1900
OUUOptimizer: computed  objective (with RS) = 1.236585e+02.
OUUOptimizer: Outer optimization iteration = 20
OUUOptimizer: Outer optimization loop FuncEval 1901.
    Current Level 1 input   1 = 2.111995e-01
    Current Level 1 input   2 = -7.108466e-01
    Current Level 1 input   3 = -9.493376e-01
    Current Level 1 input   4 = 1.265287e+00
OUUOptimizer: computing objective with RS, nFuncEval=2000
OUUOptimizer: computed  objective (with RS) = 5.031152e+01.
    OUUOptimizer outer loop new Ymin =   5.03115184e+01 (***)
OUUOptimizer: Outer optimization iteration = 21
OUUOptimizer: Outer optimization loop FuncEval 2001.
    Current Level 1 input   1 = -2.154163e-02
    Current Level 1 input   2 = -5.230449e-01
    Current Level 1 input   3 = 3.101875e-02
    Current Level 1 input   4 = -4.162799e-02
OUUOptimizer: computing objective with RS, nFuncEval=2100
OUUOptimizer: computed  objective (with RS) = 4.570254e+01.
    OUUOptimizer outer loop new Ymin =   4.57025376e+01 (***)
OUUOptimizer: Outer optimization iteration = 22
OUUOptimizer: Outer optimization loop FuncEval 2101.
    Current Level 1 input   1 = 1.401690e-01
    Current Level 1 input   2 = -1.889249e-01
    Current Level 1 input   3 = -2.911455e-02
    Current Level 1 input   4 = 2.879133e-01
OUUOptimizer: computing objective with RS, nFuncEval=2200
OUUOptimizer: computed  objective (with RS) = 4.370935e+01.
    OUUOptimizer outer loop new Ymin =   4.37093501e+01 (***)
OUUOptimizer: Outer optimization iteration = 23
OUUOptimizer: Outer optimization loop FuncEval 2201.
    Current Level 1 input   1 = 8.035145e-02
    Current Level 1 input   2 = -2.144683e-01
    Current Level 1 input   3 = -7.867340e-02
    Current Level 1 input   4 = 5.397632e-01
OUUOptimizer: computing objective with RS, nFuncEval=2300
OUUOptimizer: computed  objective (with RS) = 4.345956e+01.
    OUUOptimizer outer loop new Ymin =   4.34595556e+01 (***)
OUUOptimizer: Outer optimization iteration = 24
OUUOptimizer: Outer optimization loop FuncEval 2301.
    Current Level 1 input   1 = -1.318894e-01
    Current Level 1 input   2 = 1.437297e-01
    Current Level 1 input   3 = 1.334745e-01
    Current Level 1 input   4 = 7.176433e-01
OUUOptimizer: computing objective with RS, nFuncEval=2400
OUUOptimizer: computed  objective (with RS) = 4.561259e+01.
OUUOptimizer: Outer optimization iteration = 25
OUUOptimizer: Outer optimization loop FuncEval 2401.
    Current Level 1 input   1 = -1.466879e-01
    Current Level 1 input   2 = -2.385588e-01
    Current Level 1 input   3 = 3.564334e-01
    Current Level 1 input   4 = 6.322557e-01
OUUOptimizer: computing objective with RS, nFuncEval=2500
OUUOptimizer: computed  objective (with RS) = 4.454820e+01.
OUUOptimizer: Outer optimization iteration = 26
OUUOptimizer: Outer optimization loop FuncEval 2501.
    Current Level 1 input   1 = 3.657426e-01
    Current Level 1 input   2 = 4.895642e-02
    Current Level 1 input   3 = -3.639395e-01
    Current Level 1 input   4 = 6.731145e-01
OUUOptimizer: computing objective with RS, nFuncEval=2600
OUUOptimizer: computed  objective (with RS) = 4.526343e+01.
OUUOptimizer: Outer optimization iteration = 27
OUUOptimizer: Outer optimization loop FuncEval 2601.
    Current Level 1 input   1 = 3.788228e-01
    Current Level 1 input   2 = -5.763670e-01
    Current Level 1 input   3 = -2.208344e-01
    Current Level 1 input   4 = 6.384263e-01
OUUOptimizer: computing objective with RS, nFuncEval=2700
OUUOptimizer: computed  objective (with RS) = 4.523439e+01.
OUUOptimizer: Outer optimization iteration = 28
OUUOptimizer: Outer optimization loop FuncEval 2701.
    Current Level 1 input   1 = 1.232634e-01
    Current Level 1 input   2 = -2.465550e-01
    Current Level 1 input   3 = 3.879356e-03
    Current Level 1 input   4 = 5.405720e-01
OUUOptimizer: computing objective with RS, nFuncEval=2800
OUUOptimizer: computed  objective (with RS) = 4.341143e+01.
    OUUOptimizer outer loop new Ymin =   4.34114277e+01 (***)
OUUOptimizer: Outer optimization iteration = 29
OUUOptimizer: Outer optimization loop FuncEval 2801.
    Current Level 1 input   1 = 9.231148e-02
    Current Level 1 input   2 = -2.745516e-01
    Current Level 1 input   3 = -6.140599e-03
    Current Level 1 input   4 = 5.662191e-01
OUUOptimizer: computing objective with RS, nFuncEval=2900
OUUOptimizer: computed  objective (with RS) = 4.343108e+01.
OUUOptimizer: Outer optimization iteration = 30
OUUOptimizer: Outer optimization loop FuncEval 2901.
    Current Level 1 input   1 = 1.212135e-01
    Current Level 1 input   2 = -2.867125e-01
    Current Level 1 input   3 = 3.325017e-02
    Current Level 1 input   4 = 5.360412e-01
OUUOptimizer: computing objective with RS, nFuncEval=3000
OUUOptimizer: computed  objective (with RS) = 4.342865e+01.
OUUOptimizer: Outer optimization iteration = 31
OUUOptimizer: Outer optimization loop FuncEval 3001.
    Current Level 1 input   1 = 8.420282e-02
    Current Level 1 input   2 = -2.252420e-01
    Current Level 1 input   3 = 2.351650e-02
    Current Level 1 input   4 = 5.289784e-01
OUUOptimizer: computing objective with RS, nFuncEval=3100
OUUOptimizer: computed  objective (with RS) = 4.343247e+01.
OUUOptimizer: Outer optimization iteration = 32
OUUOptimizer: Outer optimization loop FuncEval 3101.
    Current Level 1 input   1 = 1.231667e-01
    Current Level 1 input   2 = -2.447207e-01
    Current Level 1 input   3 = 5.856982e-03
    Current Level 1 input   4 = 5.447809e-01
OUUOptimizer: computing objective with RS, nFuncEval=3200
OUUOptimizer: computed  objective (with RS) = 4.341155e+01.
OUUOptimizer: Outer optimization iteration = 33
OUUOptimizer: Outer optimization loop FuncEval 3201.
    Current Level 1 input   1 = 1.279106e-01
    Current Level 1 input   2 = -2.465825e-01
    Current Level 1 input   3 = 5.619041e-03
    Current Level 1 input   4 = 5.399586e-01
OUUOptimizer: computing objective with RS, nFuncEval=3300
OUUOptimizer: computed  objective (with RS) = 4.341165e+01.
OUUOptimizer: Outer optimization iteration = 34
OUUOptimizer: Outer optimization loop FuncEval 3301.
    Current Level 1 input   1 = 1.221987e-01
    Current Level 1 input   2 = -2.437112e-01
    Current Level 1 input   3 = 6.782182e-03
    Current Level 1 input   4 = 5.378604e-01
OUUOptimizer: computing objective with RS, nFuncEval=3400
OUUOptimizer: computed  objective (with RS) = 4.341157e+01.
OUUOptimizer: Outer optimization iteration = 35
OUUOptimizer: Outer optimization loop FuncEval 3401.
    Current Level 1 input   1 = 1.233325e-01
    Current Level 1 input   2 = -2.461809e-01
    Current Level 1 input   3 = 3.582619e-03
    Current Level 1 input   4 = 5.404409e-01
OUUOptimizer: computing objective with RS, nFuncEval=3500
OUUOptimizer: computed  objective (with RS) = 4.341143e+01.
OUUOptimizer: Outer optimization iteration = 36
OUUOptimizer: Outer optimization loop FuncEval 3501.
    Current Level 1 input   1 = 1.231138e-01
    Current Level 1 input   2 = -2.467283e-01
    Current Level 1 input   3 = 3.842848e-03
    Current Level 1 input   4 = 5.401290e-01
OUUOptimizer: computing objective with RS, nFuncEval=3600
OUUOptimizer: computed  objective (with RS) = 4.341143e+01.
OUUOptimizer: Outer optimization iteration = 37
OUUOptimizer: Outer optimization loop FuncEval 3601.
    Current Level 1 input   1 = 1.234515e-01
    Current Level 1 input   2 = -2.467803e-01
    Current Level 1 input   3 = 3.493138e-03
    Current Level 1 input   4 = 5.406932e-01
OUUOptimizer: computing objective with RS, nFuncEval=3700
OUUOptimizer: computed  objective (with RS) = 4.341143e+01.
OUUOptimizer: Outer optimization iteration = 38
OUUOptimizer: Outer optimization loop FuncEval 3701.
    Current Level 1 input   1 = 1.232632e-01
    Current Level 1 input   2 = -2.465554e-01
    Current Level 1 input   3 = 3.880146e-03
    Current Level 1 input   4 = 5.404866e-01
OUUOptimizer: computing objective with RS, nFuncEval=3800
OUUOptimizer: computed  objective (with RS) = 4.341143e+01.
    OUUOptimizer outer loop new Ymin =   4.34114277e+01 (***)
OUUOptimizer: Outer optimization iteration = 39
OUUOptimizer: Outer optimization loop FuncEval 3801.
    Current Level 1 input   1 = 1.233053e-01
    Current Level 1 input   2 = -2.465685e-01
    Current Level 1 input   3 = 3.903566e-03
    Current Level 1 input   4 = 5.404902e-01
OUUOptimizer: computing objective with RS, nFuncEval=3900
OUUOptimizer: computed  objective (with RS) = 4.341143e+01.
OUUOptimizer: Outer optimization iteration = 40
OUUOptimizer: Outer optimization loop FuncEval 3901.
    Current Level 1 input   1 = 1.232460e-01
    Current Level 1 input   2 = -2.466010e-01
    Current Level 1 input   3 = 3.875706e-03
    Current Level 1 input   4 = 5.404969e-01
OUUOptimizer: computing objective with RS, nFuncEval=4000
OUUOptimizer: computed  objective (with RS) = 4.341143e+01.
OUUOptimizer: Outer optimization iteration = 41
OUUOptimizer: Outer optimization loop FuncEval 4001.
    Current Level 1 input   1 = 1.232409e-01
    Current Level 1 input   2 = -2.465531e-01
    Current Level 1 input   3 = 3.924766e-03
    Current Level 1 input   4 = 5.404893e-01
OUUOptimizer: computing objective with RS, nFuncEval=4100
OUUOptimizer: computed  objective (with RS) = 4.341143e+01.
OUUOptimizer: Outer optimization iteration = 42
OUUOptimizer: Outer optimization loop FuncEval 4101.
    Current Level 1 input   1 = 1.232637e-01
    Current Level 1 input   2 = -2.465525e-01
    Current Level 1 input   3 = 3.880483e-03
    Current Level 1 input   4 = 5.404906e-01
OUUOptimizer: computing objective with RS, nFuncEval=4200
OUUOptimizer: computed  objective (with RS) = 4.341143e+01.
OUUOptimizer: Outer optimization iteration = 43
OUUOptimizer: Outer optimization loop FuncEval 4201.
    Current Level 1 input   1 = 1.232602e-01
    Current Level 1 input   2 = -2.465571e-01
    Current Level 1 input   3 = 3.877240e-03
    Current Level 1 input   4 = 5.404888e-01
OUUOptimizer: computing objective with RS, nFuncEval=4300
OUUOptimizer: computed  objective (with RS) = 4.341143e+01.
OUUOptimizer: Outer optimization iteration = 44
OUUOptimizer: Outer optimization loop FuncEval 4301.
    Current Level 1 input   1 = 1.232583e-01
    Current Level 1 input   2 = -2.465553e-01
    Current Level 1 input   3 = 3.881230e-03
    Current Level 1 input   4 = 5.404869e-01
OUUOptimizer: computing objective with RS, nFuncEval=4400
OUUOptimizer: computed  objective (with RS) = 4.341143e+01.
OUUOptimizer: Outer optimization iteration = 45
OUUOptimizer: Outer optimization loop FuncEval 4401.
    Current Level 1 input   1 = 1.232632e-01
    Current Level 1 input   2 = -2.465554e-01
    Current Level 1 input   3 = 3.880316e-03
    Current Level 1 input   4 = 5.404866e-01
OUUOptimizer: computing objective with RS, nFuncEval=4500
OUUOptimizer: computed  objective (with RS) = 4.341143e+01.
OUUOptimizer: total number of evaluations = 4500
	 OUUOptimizer number of function evaluations = 4500
	 optimum  X(     1) =   1.23263198e-01
	 optimum  X(     2) =  -2.46555448e-01
	 optimum  X(     3) =   3.88014555e-03
	 optimum  X(     4) =   5.40486575e-01
			 optimum Y =   4.34114277e+01
**********************************************************************
	 OUU total number of function evaluations = 4500
**********************************************************************
PSUADE Optimization Results.
PSUADE Optimization : local optima 1 (1) - 
		X     1 =   1.23263198e-01
		X     2 =  -2.46555448e-01
		X     3 =   3.88014555e-03
		X     4 =   5.40486575e-01
			Ymin =   4.34114277e+01
##################################################
PSUADE OPTIMIZATION : CURRENT GLOBAL MINIMUM - 
		X     1 =   1.23263198e-01
		X     2 =  -2.46555448e-01
		X     3 =   3.88014555e-03
		X     4 =   5.40486575e-01
			Ymin =   4.34114277e+01
##################################################
**********************************************************************
======================================================================
psuade> 